{"E:\\1JsProjects\\blog\\src\\App.css": {"path":"E:\\1JsProjects\\blog\\src\\App.css","statementMap":{},"fnMap":{},"branchMap":{},"s":{},"f":{},"b":{},"meta":{"lastBranch":0,"lastFunction":0,"lastStatement":0,"seen":{}}}
,"E:\\1JsProjects\\blog\\src\\App.jsx": {"path":"E:\\1JsProjects\\blog\\src\\App.jsx","statementMap":{"0":{"start":{"line":4,"column":2},"end":{"line":4,"column":null}}},"fnMap":{"0":{"name":"App","decl":{"start":{"line":3,"column":9},"end":{"line":3,"column":15}},"loc":{"start":{"line":3,"column":15},"end":{"line":4,"column":null}},"line":3}},"branchMap":{},"s":{"0":2},"f":{"0":2},"b":{},"meta":{"lastBranch":0,"lastFunction":1,"lastStatement":1,"seen":{"f:3:9:3:15":0,"s:4:2:4:Infinity":0}}}
,"E:\\1JsProjects\\blog\\src\\AppRouter.jsx": {"path":"E:\\1JsProjects\\blog\\src\\AppRouter.jsx","statementMap":{"0":{"start":{"line":18,"column":16},"end":{"line":22,"column":null}},"1":{"start":{"line":19,"column":23},"end":{"line":19,"column":52}},"2":{"start":{"line":20,"column":4},"end":{"line":20,"column":null}},"3":{"start":{"line":20,"column":20},"end":{"line":20,"column":null}},"4":{"start":{"line":21,"column":4},"end":{"line":21,"column":null}},"5":{"start":{"line":23,"column":26},"end":{"line":25,"column":null}},"6":{"start":{"line":24,"column":4},"end":{"line":24,"column":null}},"7":{"start":{"line":27,"column":2},"end":{"line":30,"column":null}},"8":{"start":{"line":28,"column":4},"end":{"line":28,"column":null}},"9":{"start":{"line":29,"column":4},"end":{"line":29,"column":null}},"10":{"start":{"line":32,"column":8},"end":{"line":33,"column":null}},"11":{"start":{"line":33,"column":4},"end":{"line":33,"column":null}},"12":{"start":{"line":33,"column":21},"end":{"line":33,"column":57}},"13":{"start":{"line":36,"column":8},"end":{"line":39,"column":null}},"14":{"start":{"line":37,"column":4},"end":{"line":37,"column":null}},"15":{"start":{"line":38,"column":4},"end":{"line":38,"column":null}},"16":{"start":{"line":39,"column":4},"end":{"line":39,"column":null}},"17":{"start":{"line":42,"column":8},"end":{"line":45,"column":null}},"18":{"start":{"line":43,"column":4},"end":{"line":43,"column":null}},"19":{"start":{"line":44,"column":4},"end":{"line":44,"column":null}},"20":{"start":{"line":45,"column":4},"end":{"line":45,"column":null}},"21":{"start":{"line":48,"column":2},"end":{"line":98,"column":null}},"22":{"start":{"line":104,"column":10},"end":{"line":104,"column":28}},"23":{"start":{"line":105,"column":2},"end":{"line":105,"column":null}}},"fnMap":{"0":{"name":"AppRouter","decl":{"start":{"line":17,"column":9},"end":{"line":17,"column":21}},"loc":{"start":{"line":17,"column":21},"end":{"line":98,"column":null}},"line":17},"1":{"name":"(anonymous_1)","decl":{"start":{"line":18,"column":28},"end":{"line":18,"column":43}},"loc":{"start":{"line":18,"column":43},"end":{"line":22,"column":null}},"line":18},"2":{"name":"(anonymous_2)","decl":{"start":{"line":23,"column":48},"end":{"line":23,"column":63}},"loc":{"start":{"line":23,"column":63},"end":{"line":25,"column":null}},"line":23},"3":{"name":"(anonymous_3)","decl":{"start":{"line":27,"column":2},"end":{"line":27,"column":18}},"loc":{"start":{"line":27,"column":18},"end":{"line":30,"column":6}},"line":27},"4":{"name":"(anonymous_4)","decl":{"start":{"line":32,"column":8},"end":{"line":32,"column":28}},"loc":{"start":{"line":32,"column":28},"end":{"line":33,"column":null}},"line":32},"5":{"name":"(anonymous_5)","decl":{"start":{"line":33,"column":4},"end":{"line":33,"column":13}},"loc":{"start":{"line":33,"column":21},"end":{"line":33,"column":57}},"line":33},"6":{"name":"(anonymous_6)","decl":{"start":{"line":36,"column":8},"end":{"line":36,"column":29}},"loc":{"start":{"line":36,"column":29},"end":{"line":39,"column":null}},"line":36},"7":{"name":"(anonymous_7)","decl":{"start":{"line":42,"column":8},"end":{"line":42,"column":30}},"loc":{"start":{"line":42,"column":46},"end":{"line":45,"column":null}},"line":42},"8":{"name":"BlogDetailWrapper","decl":{"start":{"line":103,"column":9},"end":{"line":103,"column":29}},"loc":{"start":{"line":103,"column":29},"end":{"line":105,"column":null}},"line":103}},"branchMap":{"0":{"loc":{"start":{"line":20,"column":4},"end":{"line":20,"column":null}},"type":"if","locations":[{"start":{"line":20,"column":4},"end":{"line":20,"column":null}},{"start":{},"end":{}}],"line":20},"1":{"loc":{"start":{"line":21,"column":11},"end":{"line":21,"column":null}},"type":"cond-expr","locations":[{"start":{"line":21,"column":71},"end":{"line":21,"column":80}},{"start":{"line":21,"column":80},"end":{"line":21,"column":null}}],"line":21},"2":{"loc":{"start":{"line":33,"column":21},"end":{"line":33,"column":57}},"type":"cond-expr","locations":[{"start":{"line":33,"column":40},"end":{"line":33,"column":49}},{"start":{"line":33,"column":49},"end":{"line":33,"column":57}}],"line":33},"3":{"loc":{"start":{"line":71,"column":14},"end":{"line":77,"column":null}},"type":"cond-expr","locations":[{"start":{"line":72,"column":16},"end":{"line":77,"column":17}},{"start":{"line":77,"column":16},"end":{"line":77,"column":null}}],"line":71},"4":{"loc":{"start":{"line":84,"column":14},"end":{"line":90,"column":null}},"type":"cond-expr","locations":[{"start":{"line":85,"column":16},"end":{"line":90,"column":17}},{"start":{"line":90,"column":16},"end":{"line":90,"column":null}}],"line":84}},"s":{"0":10,"1":7,"2":7,"3":6,"4":1,"5":10,"6":7,"7":10,"8":8,"9":8,"10":10,"11":1,"12":1,"13":10,"14":1,"15":1,"16":1,"17":10,"18":1,"19":1,"20":1,"21":10,"22":1,"23":1},"f":{"0":10,"1":7,"2":7,"3":8,"4":1,"5":1,"6":1,"7":1,"8":1},"b":{"0":[6,1],"1":[1,0],"2":[1,0],"3":[9,1],"4":[9,1]},"meta":{"lastBranch":5,"lastFunction":9,"lastStatement":24,"seen":{"f:17:9:17:21":0,"s:18:16:22:Infinity":0,"f:18:28:18:43":1,"s:19:23:19:52":1,"b:20:4:20:Infinity:undefined:undefined:undefined:undefined":0,"s:20:4:20:Infinity":2,"s:20:20:20:Infinity":3,"s:21:4:21:Infinity":4,"b:21:71:21:80:21:80:21:Infinity":1,"s:23:26:25:Infinity":5,"f:23:48:23:63":2,"s:24:4:24:Infinity":6,"s:27:2:30:Infinity":7,"f:27:2:27:18":3,"s:28:4:28:Infinity":8,"s:29:4:29:Infinity":9,"s:32:8:33:Infinity":10,"f:32:8:32:28":4,"s:33:4:33:Infinity":11,"f:33:4:33:13":5,"s:33:21:33:57":12,"b:33:40:33:49:33:49:33:57":2,"s:36:8:39:Infinity":13,"f:36:8:36:29":6,"s:37:4:37:Infinity":14,"s:38:4:38:Infinity":15,"s:39:4:39:Infinity":16,"s:42:8:45:Infinity":17,"f:42:8:42:30":7,"s:43:4:43:Infinity":18,"s:44:4:44:Infinity":19,"s:45:4:45:Infinity":20,"s:48:2:98:Infinity":21,"b:72:16:77:17:77:16:77:Infinity":3,"b:85:16:90:17:90:16:90:Infinity":4,"f:103:9:103:29":8,"s:104:10:104:28":22,"s:105:2:105:Infinity":23}}}
,"E:\\1JsProjects\\blog\\src\\components\\FloatingMusicPlayer.jsx": {"path":"E:\\1JsProjects\\blog\\src\\components\\FloatingMusicPlayer.jsx","statementMap":{"0":{"start":{"line":4,"column":20},"end":{"line":4,"column":null}},"1":{"start":{"line":5,"column":19},"end":{"line":5,"column":null}},"2":{"start":{"line":6,"column":18},"end":{"line":6,"column":null}},"3":{"start":{"line":9,"column":2},"end":{"line":9,"column":null}},"4":{"start":{"line":9,"column":35},"end":{"line":9,"column":null}},"5":{"start":{"line":10,"column":15},"end":{"line":10,"column":45}},"6":{"start":{"line":11,"column":2},"end":{"line":11,"column":null}},"7":{"start":{"line":12,"column":2},"end":{"line":12,"column":null}},"8":{"start":{"line":13,"column":2},"end":{"line":13,"column":null}},"9":{"start":{"line":14,"column":2},"end":{"line":14,"column":null}},"10":{"start":{"line":18,"column":2},"end":{"line":30,"column":null}},"11":{"start":{"line":19,"column":4},"end":{"line":21,"column":null}},"12":{"start":{"line":20,"column":6},"end":{"line":20,"column":null}},"13":{"start":{"line":21,"column":6},"end":{"line":21,"column":null}},"14":{"start":{"line":23,"column":19},"end":{"line":23,"column":51}},"15":{"start":{"line":24,"column":4},"end":{"line":24,"column":null}},"16":{"start":{"line":25,"column":4},"end":{"line":25,"column":null}},"17":{"start":{"line":26,"column":4},"end":{"line":26,"column":null}},"18":{"start":{"line":27,"column":4},"end":{"line":27,"column":null}},"19":{"start":{"line":27,"column":26},"end":{"line":27,"column":35}},"20":{"start":{"line":28,"column":4},"end":{"line":28,"column":null}},"21":{"start":{"line":28,"column":27},"end":{"line":28,"column":67}},"22":{"start":{"line":29,"column":4},"end":{"line":29,"column":null}},"23":{"start":{"line":34,"column":18},"end":{"line":34,"column":null}},"24":{"start":{"line":35,"column":2},"end":{"line":37,"column":null}},"25":{"start":{"line":36,"column":4},"end":{"line":36,"column":null}},"26":{"start":{"line":37,"column":4},"end":{"line":37,"column":null}},"27":{"start":{"line":40,"column":19},"end":{"line":40,"column":72}},"28":{"start":{"line":41,"column":2},"end":{"line":43,"column":null}},"29":{"start":{"line":42,"column":4},"end":{"line":42,"column":null}},"30":{"start":{"line":43,"column":4},"end":{"line":43,"column":null}},"31":{"start":{"line":45,"column":2},"end":{"line":45,"column":null}},"32":{"start":{"line":49,"column":16},"end":{"line":49,"column":43}},"33":{"start":{"line":50,"column":20},"end":{"line":50,"column":48}},"34":{"start":{"line":52,"column":2},"end":{"line":88,"column":null}},"35":{"start":{"line":53,"column":20},"end":{"line":53,"column":null}},"36":{"start":{"line":54,"column":22},"end":{"line":54,"column":null}},"37":{"start":{"line":57,"column":6},"end":{"line":68,"column":null}},"38":{"start":{"line":58,"column":8},"end":{"line":60,"column":null}},"39":{"start":{"line":59,"column":10},"end":{"line":59,"column":null}},"40":{"start":{"line":59,"column":26},"end":{"line":59,"column":null}},"41":{"start":{"line":60,"column":10},"end":{"line":60,"column":null}},"42":{"start":{"line":62,"column":8},"end":{"line":62,"column":null}},"43":{"start":{"line":63,"column":8},"end":{"line":63,"column":null}},"44":{"start":{"line":64,"column":8},"end":{"line":64,"column":null}},"45":{"start":{"line":65,"column":8},"end":{"line":65,"column":null}},"46":{"start":{"line":65,"column":24},"end":{"line":65,"column":null}},"47":{"start":{"line":67,"column":8},"end":{"line":68,"column":null}},"48":{"start":{"line":68,"column":10},"end":{"line":68,"column":null}},"49":{"start":{"line":73,"column":4},"end":{"line":73,"column":null}},"50":{"start":{"line":75,"column":10},"end":{"line":79,"column":null}},"51":{"start":{"line":76,"column":6},"end":{"line":78,"column":null}},"52":{"start":{"line":77,"column":8},"end":{"line":77,"column":null}},"53":{"start":{"line":79,"column":6},"end":{"line":79,"column":null}},"54":{"start":{"line":82,"column":4},"end":{"line":82,"column":null}},"55":{"start":{"line":84,"column":4},"end":{"line":86,"column":null}},"56":{"start":{"line":85,"column":6},"end":{"line":85,"column":null}},"57":{"start":{"line":86,"column":6},"end":{"line":86,"column":null}},"58":{"start":{"line":90,"column":2},"end":{"line":91,"column":null}},"59":{"start":{"line":91,"column":4},"end":{"line":91,"column":null}},"60":{"start":{"line":94,"column":2},"end":{"line":95,"column":null}},"61":{"start":{"line":95,"column":4},"end":{"line":95,"column":null}},"62":{"start":{"line":98,"column":2},"end":{"line":113,"column":null}}},"fnMap":{"0":{"name":"ensureStyle","decl":{"start":{"line":8,"column":16},"end":{"line":8,"column":28}},"loc":{"start":{"line":8,"column":38},"end":{"line":14,"column":null}},"line":8},"1":{"name":"ensureScript","decl":{"start":{"line":17,"column":16},"end":{"line":17,"column":29}},"loc":{"start":{"line":17,"column":38},"end":{"line":30,"column":null}},"line":17},"2":{"name":"(anonymous_2)","decl":{"start":{"line":18,"column":13},"end":{"line":18,"column":22}},"loc":{"start":{"line":18,"column":42},"end":{"line":30,"column":null}},"line":18},"3":{"name":"(anonymous_3)","decl":{"start":{"line":27,"column":11},"end":{"line":27,"column":26}},"loc":{"start":{"line":27,"column":26},"end":{"line":27,"column":35}},"line":27},"4":{"name":"(anonymous_4)","decl":{"start":{"line":28,"column":11},"end":{"line":28,"column":27}},"loc":{"start":{"line":28,"column":27},"end":{"line":28,"column":67}},"line":28},"5":{"name":"clickPlayButton","decl":{"start":{"line":33,"column":16},"end":{"line":33,"column":34}},"loc":{"start":{"line":33,"column":34},"end":{"line":45,"column":null}},"line":33},"6":{"name":"FloatingMusicPlayer","decl":{"start":{"line":48,"column":24},"end":{"line":48,"column":44}},"loc":{"start":{"line":48,"column":74},"end":{"line":113,"column":null}},"line":48},"7":{"name":"(anonymous_7)","decl":{"start":{"line":52,"column":2},"end":{"line":52,"column":18}},"loc":{"start":{"line":52,"column":18},"end":{"line":88,"column":7}},"line":52},"8":{"name":"setup","decl":{"start":{"line":56,"column":19},"end":{"line":56,"column":27}},"loc":{"start":{"line":56,"column":27},"end":{"line":68,"column":null}},"line":56},"9":{"name":"(anonymous_9)","decl":{"start":{"line":75,"column":10},"end":{"line":75,"column":31}},"loc":{"start":{"line":75,"column":31},"end":{"line":79,"column":null}},"line":75},"10":{"name":"(anonymous_10)","decl":{"start":{"line":76,"column":6},"end":{"line":76,"column":23}},"loc":{"start":{"line":76,"column":23},"end":{"line":78,"column":11}},"line":76},"11":{"name":"(anonymous_11)","decl":{"start":{"line":84,"column":4},"end":{"line":84,"column":17}},"loc":{"start":{"line":84,"column":17},"end":{"line":86,"column":null}},"line":84}},"branchMap":{"0":{"loc":{"start":{"line":9,"column":2},"end":{"line":9,"column":null}},"type":"if","locations":[{"start":{"line":9,"column":2},"end":{"line":9,"column":null}},{"start":{},"end":{}}],"line":9},"1":{"loc":{"start":{"line":19,"column":4},"end":{"line":21,"column":null}},"type":"if","locations":[{"start":{"line":19,"column":4},"end":{"line":21,"column":null}},{"start":{},"end":{}}],"line":19},"2":{"loc":{"start":{"line":35,"column":2},"end":{"line":37,"column":null}},"type":"if","locations":[{"start":{"line":35,"column":2},"end":{"line":37,"column":null}},{"start":{},"end":{}}],"line":35},"3":{"loc":{"start":{"line":41,"column":2},"end":{"line":43,"column":null}},"type":"if","locations":[{"start":{"line":41,"column":2},"end":{"line":43,"column":null}},{"start":{},"end":{}}],"line":41},"4":{"loc":{"start":{"line":48,"column":46},"end":{"line":48,"column":74}},"type":"default-arg","locations":[{"start":{"line":48,"column":65},"end":{"line":48,"column":74}}],"line":48},"5":{"loc":{"start":{"line":54,"column":22},"end":{"line":54,"column":null}},"type":"binary-expr","locations":[{"start":{"line":54,"column":22},"end":{"line":54,"column":57}},{"start":{"line":54,"column":57},"end":{"line":54,"column":null}}],"line":54},"6":{"loc":{"start":{"line":58,"column":8},"end":{"line":60,"column":null}},"type":"if","locations":[{"start":{"line":58,"column":8},"end":{"line":60,"column":null}},{"start":{},"end":{}}],"line":58},"7":{"loc":{"start":{"line":59,"column":10},"end":{"line":59,"column":null}},"type":"if","locations":[{"start":{"line":59,"column":10},"end":{"line":59,"column":null}},{"start":{},"end":{}}],"line":59},"8":{"loc":{"start":{"line":65,"column":8},"end":{"line":65,"column":null}},"type":"if","locations":[{"start":{"line":65,"column":8},"end":{"line":65,"column":null}},{"start":{},"end":{}}],"line":65},"9":{"loc":{"start":{"line":67,"column":8},"end":{"line":68,"column":null}},"type":"if","locations":[{"start":{"line":67,"column":8},"end":{"line":68,"column":null}},{"start":{},"end":{}}],"line":67},"10":{"loc":{"start":{"line":90,"column":2},"end":{"line":91,"column":null}},"type":"if","locations":[{"start":{"line":90,"column":2},"end":{"line":91,"column":null}},{"start":{},"end":{}}],"line":90},"11":{"loc":{"start":{"line":94,"column":2},"end":{"line":95,"column":null}},"type":"if","locations":[{"start":{"line":94,"column":2},"end":{"line":95,"column":null}},{"start":{},"end":{}}],"line":94}},"s":{"0":3,"1":3,"2":3,"3":4,"4":1,"5":3,"6":3,"7":3,"8":3,"9":3,"10":6,"11":6,"12":1,"13":1,"14":5,"15":5,"16":5,"17":5,"18":5,"19":3,"20":5,"21":2,"22":5,"23":5,"24":5,"25":2,"26":2,"27":3,"28":3,"29":2,"30":2,"31":1,"32":8,"33":8,"34":8,"35":4,"36":4,"37":4,"38":4,"39":2,"40":2,"41":2,"42":2,"43":2,"44":1,"45":1,"46":1,"47":1,"48":1,"49":4,"50":4,"51":2,"52":2,"53":2,"54":4,"55":4,"56":4,"57":4,"58":8,"59":1,"60":7,"61":4,"62":3},"f":{"0":4,"1":6,"2":6,"3":3,"4":2,"5":5,"6":8,"7":4,"8":4,"9":2,"10":2,"11":4},"b":{"0":[1,3],"1":[1,5],"2":[2,3],"3":[2,1],"4":[8],"5":[4,4],"6":[2,2],"7":[2,0],"8":[1,0],"9":[1,0],"10":[1,7],"11":[4,3]},"meta":{"lastBranch":12,"lastFunction":12,"lastStatement":63,"seen":{"s:4:20:4:Infinity":0,"s:5:19:5:Infinity":1,"s:6:18:6:Infinity":2,"f:8:16:8:28":0,"b:9:2:9:Infinity:undefined:undefined:undefined:undefined":0,"s:9:2:9:Infinity":3,"s:9:35:9:Infinity":4,"s:10:15:10:45":5,"s:11:2:11:Infinity":6,"s:12:2:12:Infinity":7,"s:13:2:13:Infinity":8,"s:14:2:14:Infinity":9,"f:17:16:17:29":1,"s:18:2:30:Infinity":10,"f:18:13:18:22":2,"b:19:4:21:Infinity:undefined:undefined:undefined:undefined":1,"s:19:4:21:Infinity":11,"s:20:6:20:Infinity":12,"s:21:6:21:Infinity":13,"s:23:19:23:51":14,"s:24:4:24:Infinity":15,"s:25:4:25:Infinity":16,"s:26:4:26:Infinity":17,"s:27:4:27:Infinity":18,"f:27:11:27:26":3,"s:27:26:27:35":19,"s:28:4:28:Infinity":20,"f:28:11:28:27":4,"s:28:27:28:67":21,"s:29:4:29:Infinity":22,"f:33:16:33:34":5,"s:34:18:34:Infinity":23,"b:35:2:37:Infinity:undefined:undefined:undefined:undefined":2,"s:35:2:37:Infinity":24,"s:36:4:36:Infinity":25,"s:37:4:37:Infinity":26,"s:40:19:40:72":27,"b:41:2:43:Infinity:undefined:undefined:undefined:undefined":3,"s:41:2:43:Infinity":28,"s:42:4:42:Infinity":29,"s:43:4:43:Infinity":30,"s:45:2:45:Infinity":31,"f:48:24:48:44":6,"b:48:65:48:74":4,"s:49:16:49:43":32,"s:50:20:50:48":33,"s:52:2:88:Infinity":34,"f:52:2:52:18":7,"s:53:20:53:Infinity":35,"s:54:22:54:Infinity":36,"b:54:22:54:57:54:57:54:Infinity":5,"f:56:19:56:27":8,"s:57:6:68:Infinity":37,"b:58:8:60:Infinity:undefined:undefined:undefined:undefined":6,"s:58:8:60:Infinity":38,"b:59:10:59:Infinity:undefined:undefined:undefined:undefined":7,"s:59:10:59:Infinity":39,"s:59:26:59:Infinity":40,"s:60:10:60:Infinity":41,"s:62:8:62:Infinity":42,"s:63:8:63:Infinity":43,"s:64:8:64:Infinity":44,"b:65:8:65:Infinity:undefined:undefined:undefined:undefined":8,"s:65:8:65:Infinity":45,"s:65:24:65:Infinity":46,"b:67:8:68:Infinity:undefined:undefined:undefined:undefined":9,"s:67:8:68:Infinity":47,"s:68:10:68:Infinity":48,"s:73:4:73:Infinity":49,"s:75:10:79:Infinity":50,"f:75:10:75:31":9,"s:76:6:78:Infinity":51,"f:76:6:76:23":10,"s:77:8:77:Infinity":52,"s:79:6:79:Infinity":53,"s:82:4:82:Infinity":54,"s:84:4:86:Infinity":55,"f:84:4:84:17":11,"s:85:6:85:Infinity":56,"s:86:6:86:Infinity":57,"b:90:2:91:Infinity:undefined:undefined:undefined:undefined":10,"s:90:2:91:Infinity":58,"s:91:4:91:Infinity":59,"b:94:2:95:Infinity:undefined:undefined:undefined:undefined":11,"s:94:2:95:Infinity":60,"s:95:4:95:Infinity":61,"s:98:2:113:Infinity":62}}}
,"E:\\1JsProjects\\blog\\src\\components\\Header.css": {"path":"E:\\1JsProjects\\blog\\src\\components\\Header.css","statementMap":{},"fnMap":{},"branchMap":{},"s":{},"f":{},"b":{},"meta":{"lastBranch":0,"lastFunction":0,"lastStatement":0,"seen":{}}}
,"E:\\1JsProjects\\blog\\src\\components\\Header.jsx": {"path":"E:\\1JsProjects\\blog\\src\\components\\Header.jsx","statementMap":{"0":{"start":{"line":6,"column":8},"end":{"line":6,"column":32}},"1":{"start":{"line":7,"column":8},"end":{"line":7,"column":32}},"2":{"start":{"line":9,"column":8},"end":{"line":10,"column":null}},"3":{"start":{"line":10,"column":4},"end":{"line":10,"column":null}},"4":{"start":{"line":13,"column":8},"end":{"line":15,"column":null}},"5":{"start":{"line":14,"column":4},"end":{"line":14,"column":null}},"6":{"start":{"line":15,"column":4},"end":{"line":15,"column":null}},"7":{"start":{"line":18,"column":2},"end":{"line":78,"column":null}}},"fnMap":{"0":{"name":"Header","decl":{"start":{"line":5,"column":9},"end":{"line":5,"column":16}},"loc":{"start":{"line":5,"column":69},"end":{"line":78,"column":null}},"line":5},"1":{"name":"(anonymous_1)","decl":{"start":{"line":9,"column":8},"end":{"line":9,"column":20}},"loc":{"start":{"line":9,"column":29},"end":{"line":10,"column":null}},"line":9},"2":{"name":"(anonymous_2)","decl":{"start":{"line":13,"column":8},"end":{"line":13,"column":29}},"loc":{"start":{"line":13,"column":29},"end":{"line":15,"column":null}},"line":13}},"branchMap":{"0":{"loc":{"start":{"line":10,"column":11},"end":{"line":10,"column":null}},"type":"cond-expr","locations":[{"start":{"line":10,"column":40},"end":{"line":10,"column":51}},{"start":{"line":10,"column":51},"end":{"line":10,"column":null}}],"line":10},"1":{"loc":{"start":{"line":33,"column":35},"end":{"line":33,"column":null}},"type":"cond-expr","locations":[{"start":{"line":33,"column":104},"end":{"line":33,"column":115}},{"start":{"line":33,"column":115},"end":{"line":33,"column":null}}],"line":33},"2":{"loc":{"start":{"line":33,"column":35},"end":{"line":33,"column":101}},"type":"binary-expr","locations":[{"start":{"line":33,"column":35},"end":{"line":33,"column":53}},{"start":{"line":33,"column":57},"end":{"line":33,"column":101}}],"line":33},"3":{"loc":{"start":{"line":43,"column":11},"end":{"line":68,"column":null}},"type":"cond-expr","locations":[{"start":{"line":44,"column":12},"end":{"line":59,"column":null}},{"start":{"line":60,"column":14},"end":{"line":68,"column":null}}],"line":43},"4":{"loc":{"start":{"line":43,"column":11},"end":{"line":43,"column":null}},"type":"binary-expr","locations":[{"start":{"line":43,"column":11},"end":{"line":43,"column":33}},{"start":{"line":43,"column":37},"end":{"line":43,"column":null}}],"line":43},"5":{"loc":{"start":{"line":60,"column":14},"end":{"line":68,"column":null}},"type":"cond-expr","locations":[{"start":{"line":61,"column":12},"end":{"line":68,"column":null}},{"start":{"line":68,"column":14},"end":{"line":68,"column":null}}],"line":60},"6":{"loc":{"start":{"line":72,"column":19},"end":{"line":72,"column":null}},"type":"cond-expr","locations":[{"start":{"line":72,"column":39},"end":{"line":72,"column":51}},{"start":{"line":72,"column":51},"end":{"line":72,"column":null}}],"line":72},"7":{"loc":{"start":{"line":74,"column":13},"end":{"line":74,"column":null}},"type":"cond-expr","locations":[{"start":{"line":74,"column":33},"end":{"line":74,"column":40}},{"start":{"line":74,"column":40},"end":{"line":74,"column":null}}],"line":74}},"s":{"0":53,"1":53,"2":53,"3":180,"4":53,"5":0,"6":0,"7":53},"f":{"0":53,"1":180,"2":0},"b":{"0":[53,127],"1":[0,53],"2":[53,53],"3":[5,48],"4":[53,21],"5":[16,32],"6":[49,4],"7":[49,4]},"meta":{"lastBranch":8,"lastFunction":3,"lastStatement":8,"seen":{"f:5:9:5:16":0,"s:6:8:6:32":0,"s:7:8:7:32":1,"s:9:8:10:Infinity":2,"f:9:8:9:20":1,"s:10:4:10:Infinity":3,"b:10:40:10:51:10:51:10:Infinity":0,"s:13:8:15:Infinity":4,"f:13:8:13:29":2,"s:14:4:14:Infinity":5,"s:15:4:15:Infinity":6,"s:18:2:78:Infinity":7,"b:33:104:33:115:33:115:33:Infinity":1,"b:33:35:33:53:33:57:33:101":2,"b:44:12:59:Infinity:60:14:68:Infinity":3,"b:43:11:43:33:43:37:43:Infinity":4,"b:61:12:68:Infinity:68:14:68:Infinity":5,"b:72:39:72:51:72:51:72:Infinity":6,"b:74:33:74:40:74:40:74:Infinity":7}}}
,"E:\\1JsProjects\\blog\\src\\components\\MarkdownEditor.css": {"path":"E:\\1JsProjects\\blog\\src\\components\\MarkdownEditor.css","statementMap":{},"fnMap":{},"branchMap":{},"s":{},"f":{},"b":{},"meta":{"lastBranch":0,"lastFunction":0,"lastStatement":0,"seen":{}}}
,"E:\\1JsProjects\\blog\\src\\components\\ProtectedRoute.jsx": {"path":"E:\\1JsProjects\\blog\\src\\components\\ProtectedRoute.jsx","statementMap":{"0":{"start":{"line":8,"column":2},"end":{"line":9,"column":null}},"1":{"start":{"line":9,"column":4},"end":{"line":9,"column":null}},"2":{"start":{"line":12,"column":2},"end":{"line":12,"column":null}}},"fnMap":{"0":{"name":"ProtectedRoute","decl":{"start":{"line":7,"column":9},"end":{"line":7,"column":24}},"loc":{"start":{"line":7,"column":67},"end":{"line":12,"column":null}},"line":7}},"branchMap":{"0":{"loc":{"start":{"line":8,"column":2},"end":{"line":9,"column":null}},"type":"if","locations":[{"start":{"line":8,"column":2},"end":{"line":9,"column":null}},{"start":{},"end":{}}],"line":8}},"s":{"0":2,"1":1,"2":1},"f":{"0":2},"b":{"0":[1,1]},"meta":{"lastBranch":1,"lastFunction":1,"lastStatement":3,"seen":{"f:7:9:7:24":0,"b:8:2:9:Infinity:undefined:undefined:undefined:undefined":0,"s:8:2:9:Infinity":0,"s:9:4:9:Infinity":1,"s:12:2:12:Infinity":2}}}
,"E:\\1JsProjects\\blog\\src\\config\\config.js": {"path":"E:\\1JsProjects\\blog\\src\\config\\config.js","statementMap":{"0":{"start":{"line":2,"column":13},"end":{"line":2,"column":null}},"1":{"start":{"line":4,"column":26},"end":{"line":13,"column":null}},"2":{"start":{"line":5,"column":2},"end":{"line":5,"column":null}},"3":{"start":{"line":5,"column":14},"end":{"line":5,"column":null}},"4":{"start":{"line":8,"column":2},"end":{"line":11,"column":null}},"5":{"start":{"line":13,"column":2},"end":{"line":13,"column":null}},"6":{"start":{"line":16,"column":13},"end":{"line":20,"column":null}},"7":{"start":{"line":17,"column":2},"end":{"line":18,"column":null}},"8":{"start":{"line":18,"column":4},"end":{"line":18,"column":null}},"9":{"start":{"line":20,"column":2},"end":{"line":20,"column":null}},"10":{"start":{"line":23,"column":13},"end":{"line":26,"column":null}},"11":{"start":{"line":24,"column":2},"end":{"line":24,"column":null}},"12":{"start":{"line":26,"column":2},"end":{"line":26,"column":null}},"13":{"start":{"line":29,"column":13},"end":{"line":31,"column":null}},"14":{"start":{"line":30,"column":24},"end":{"line":30,"column":35}},"15":{"start":{"line":31,"column":2},"end":{"line":31,"column":null}},"16":{"start":{"line":34,"column":13},"end":{"line":36,"column":null}},"17":{"start":{"line":35,"column":24},"end":{"line":35,"column":35}},"18":{"start":{"line":36,"column":2},"end":{"line":36,"column":null}}},"fnMap":{"0":{"name":"(anonymous_0)","decl":{"start":{"line":4,"column":26},"end":{"line":4,"column":38}},"loc":{"start":{"line":4,"column":38},"end":{"line":13,"column":null}},"line":4},"1":{"name":"(anonymous_1)","decl":{"start":{"line":16,"column":13},"end":{"line":16,"column":31}},"loc":{"start":{"line":16,"column":31},"end":{"line":20,"column":null}},"line":16},"2":{"name":"(anonymous_2)","decl":{"start":{"line":23,"column":13},"end":{"line":23,"column":29}},"loc":{"start":{"line":23,"column":43},"end":{"line":26,"column":null}},"line":23},"3":{"name":"(anonymous_3)","decl":{"start":{"line":29,"column":13},"end":{"line":29,"column":41}},"loc":{"start":{"line":29,"column":41},"end":{"line":31,"column":null}},"line":29},"4":{"name":"(anonymous_4)","decl":{"start":{"line":34,"column":13},"end":{"line":34,"column":36}},"loc":{"start":{"line":34,"column":36},"end":{"line":36,"column":null}},"line":34}},"branchMap":{"0":{"loc":{"start":{"line":5,"column":2},"end":{"line":5,"column":null}},"type":"if","locations":[{"start":{"line":5,"column":2},"end":{"line":5,"column":null}},{"start":{},"end":{}}],"line":5},"1":{"loc":{"start":{"line":10,"column":17},"end":{"line":10,"column":null}},"type":"binary-expr","locations":[{"start":{"line":10,"column":17},"end":{"line":10,"column":61}},{"start":{"line":10,"column":61},"end":{"line":10,"column":null}}],"line":10},"2":{"loc":{"start":{"line":17,"column":2},"end":{"line":18,"column":null}},"type":"if","locations":[{"start":{"line":17,"column":2},"end":{"line":18,"column":null}},{"start":{},"end":{}}],"line":17},"3":{"loc":{"start":{"line":31,"column":9},"end":{"line":31,"column":null}},"type":"binary-expr","locations":[{"start":{"line":31,"column":9},"end":{"line":31,"column":43}},{"start":{"line":31,"column":43},"end":{"line":31,"column":null}}],"line":31}},"s":{"0":8,"1":8,"2":5,"3":1,"4":4,"5":5,"6":8,"7":14,"8":3,"9":14,"10":8,"11":5,"12":5,"13":8,"14":11,"15":11,"16":8,"17":1,"18":1},"f":{"0":5,"1":14,"2":5,"3":11,"4":1},"b":{"0":[1,4],"1":[5,0],"2":[3,11],"3":[11,1]},"meta":{"lastBranch":4,"lastFunction":5,"lastStatement":19,"seen":{"s:2:13:2:Infinity":0,"s:4:26:13:Infinity":1,"f:4:26:4:38":0,"b:5:2:5:Infinity:undefined:undefined:undefined:undefined":0,"s:5:2:5:Infinity":2,"s:5:14:5:Infinity":3,"s:8:2:11:Infinity":4,"b:10:17:10:61:10:61:10:Infinity":1,"s:13:2:13:Infinity":5,"s:16:13:20:Infinity":6,"f:16:13:16:31":1,"b:17:2:18:Infinity:undefined:undefined:undefined:undefined":2,"s:17:2:18:Infinity":7,"s:18:4:18:Infinity":8,"s:20:2:20:Infinity":9,"s:23:13:26:Infinity":10,"f:23:13:23:29":2,"s:24:2:24:Infinity":11,"s:26:2:26:Infinity":12,"s:29:13:31:Infinity":13,"f:29:13:29:41":3,"s:30:24:30:35":14,"s:31:2:31:Infinity":15,"b:31:9:31:43:31:43:31:Infinity":3,"s:34:13:36:Infinity":16,"f:34:13:34:36":4,"s:35:24:35:35":17,"s:36:2:36:Infinity":18}}}
,"E:\\1JsProjects\\blog\\src\\data\\blogsData.js": {"path":"E:\\1JsProjects\\blog\\src\\data\\blogsData.js","statementMap":{"0":{"start":{"line":2,"column":21},"end":{"line":2,"column":null}},"1":{"start":{"line":3,"column":23},"end":{"line":3,"column":32}},"2":{"start":{"line":9,"column":22},"end":{"line":32,"column":null}},"3":{"start":{"line":10,"column":2},"end":{"line":12,"column":null}},"4":{"start":{"line":11,"column":4},"end":{"line":11,"column":null}},"5":{"start":{"line":12,"column":4},"end":{"line":12,"column":null}},"6":{"start":{"line":15,"column":2},"end":{"line":32,"column":null}},"7":{"start":{"line":16,"column":20},"end":{"line":16,"column":null}},"8":{"start":{"line":17,"column":20},"end":{"line":17,"column":null}},"9":{"start":{"line":19,"column":4},"end":{"line":19,"column":null}},"10":{"start":{"line":21,"column":25},"end":{"line":21,"column":45}},"11":{"start":{"line":22,"column":4},"end":{"line":23,"column":null}},"12":{"start":{"line":23,"column":6},"end":{"line":23,"column":null}},"13":{"start":{"line":26,"column":4},"end":{"line":26,"column":null}},"14":{"start":{"line":27,"column":4},"end":{"line":27,"column":null}},"15":{"start":{"line":29,"column":4},"end":{"line":29,"column":null}},"16":{"start":{"line":31,"column":4},"end":{"line":31,"column":null}},"17":{"start":{"line":32,"column":4},"end":{"line":32,"column":null}},"18":{"start":{"line":40,"column":24},"end":{"line":71,"column":null}},"19":{"start":{"line":42,"column":2},"end":{"line":44,"column":null}},"20":{"start":{"line":43,"column":4},"end":{"line":43,"column":null}},"21":{"start":{"line":44,"column":4},"end":{"line":44,"column":null}},"22":{"start":{"line":47,"column":2},"end":{"line":71,"column":null}},"23":{"start":{"line":48,"column":20},"end":{"line":48,"column":null}},"24":{"start":{"line":49,"column":23},"end":{"line":49,"column":null}},"25":{"start":{"line":51,"column":4},"end":{"line":51,"column":null}},"26":{"start":{"line":53,"column":28},"end":{"line":53,"column":51}},"27":{"start":{"line":54,"column":4},"end":{"line":55,"column":null}},"28":{"start":{"line":55,"column":6},"end":{"line":55,"column":null}},"29":{"start":{"line":58,"column":20},"end":{"line":58,"column":48}},"30":{"start":{"line":61,"column":4},"end":{"line":61,"column":null}},"31":{"start":{"line":62,"column":4},"end":{"line":64,"column":null}},"32":{"start":{"line":63,"column":23},"end":{"line":63,"column":null}},"33":{"start":{"line":64,"column":6},"end":{"line":64,"column":null}},"34":{"start":{"line":67,"column":4},"end":{"line":67,"column":null}},"35":{"start":{"line":68,"column":4},"end":{"line":68,"column":null}},"36":{"start":{"line":70,"column":4},"end":{"line":70,"column":null}},"37":{"start":{"line":71,"column":4},"end":{"line":71,"column":null}},"38":{"start":{"line":78,"column":22},"end":{"line":99,"column":null}},"39":{"start":{"line":79,"column":2},"end":{"line":99,"column":null}},"40":{"start":{"line":80,"column":21},"end":{"line":80,"column":42}},"41":{"start":{"line":83,"column":4},"end":{"line":83,"column":null}},"42":{"start":{"line":85,"column":18},"end":{"line":93,"column":null}},"43":{"start":{"line":87,"column":8},"end":{"line":91,"column":null}},"44":{"start":{"line":88,"column":26},"end":{"line":88,"column":62}},"45":{"start":{"line":89,"column":10},"end":{"line":89,"column":null}},"46":{"start":{"line":91,"column":10},"end":{"line":91,"column":null}},"47":{"start":{"line":96,"column":4},"end":{"line":96,"column":null}},"48":{"start":{"line":98,"column":4},"end":{"line":98,"column":null}},"49":{"start":{"line":99,"column":4},"end":{"line":99,"column":null}},"50":{"start":{"line":107,"column":25},"end":{"line":107,"column":27}}},"fnMap":{"0":{"name":"(anonymous_0)","decl":{"start":{"line":9,"column":22},"end":{"line":9,"column":34}},"loc":{"start":{"line":9,"column":34},"end":{"line":32,"column":null}},"line":9},"1":{"name":"(anonymous_1)","decl":{"start":{"line":40,"column":24},"end":{"line":40,"column":31}},"loc":{"start":{"line":40,"column":44},"end":{"line":71,"column":null}},"line":40},"2":{"name":"(anonymous_2)","decl":{"start":{"line":78,"column":22},"end":{"line":78,"column":34}},"loc":{"start":{"line":78,"column":34},"end":{"line":99,"column":null}},"line":78},"3":{"name":"(anonymous_3)","decl":{"start":{"line":86,"column":19},"end":{"line":86,"column":26}},"loc":{"start":{"line":86,"column":35},"end":{"line":93,"column":null}},"line":86}},"branchMap":{"0":{"loc":{"start":{"line":10,"column":2},"end":{"line":12,"column":null}},"type":"if","locations":[{"start":{"line":10,"column":2},"end":{"line":12,"column":null}},{"start":{},"end":{}}],"line":10},"1":{"loc":{"start":{"line":16,"column":20},"end":{"line":16,"column":null}},"type":"binary-expr","locations":[{"start":{"line":16,"column":20},"end":{"line":16,"column":48}},{"start":{"line":16,"column":48},"end":{"line":16,"column":null}}],"line":16},"2":{"loc":{"start":{"line":22,"column":4},"end":{"line":23,"column":null}},"type":"if","locations":[{"start":{"line":22,"column":4},"end":{"line":23,"column":null}},{"start":{},"end":{}}],"line":22},"3":{"loc":{"start":{"line":42,"column":2},"end":{"line":44,"column":null}},"type":"if","locations":[{"start":{"line":42,"column":2},"end":{"line":44,"column":null}},{"start":{},"end":{}}],"line":42},"4":{"loc":{"start":{"line":48,"column":20},"end":{"line":48,"column":null}},"type":"binary-expr","locations":[{"start":{"line":48,"column":20},"end":{"line":48,"column":48}},{"start":{"line":48,"column":48},"end":{"line":48,"column":null}}],"line":48},"5":{"loc":{"start":{"line":54,"column":4},"end":{"line":55,"column":null}},"type":"if","locations":[{"start":{"line":54,"column":4},"end":{"line":55,"column":null}},{"start":{},"end":{}}],"line":54},"6":{"loc":{"start":{"line":62,"column":4},"end":{"line":64,"column":null}},"type":"if","locations":[{"start":{"line":62,"column":4},"end":{"line":64,"column":null}},{"start":{},"end":{}}],"line":62}},"s":{"0":9,"1":9,"2":9,"3":5,"4":1,"5":1,"6":4,"7":4,"8":5,"9":5,"10":5,"11":3,"12":1,"13":2,"14":2,"15":2,"16":2,"17":2,"18":9,"19":27,"20":1,"21":1,"22":26,"23":26,"24":27,"25":27,"26":27,"27":26,"28":2,"29":24,"30":24,"31":24,"32":2,"33":2,"34":24,"35":24,"36":2,"37":2,"38":9,"39":2,"40":2,"41":2,"42":2,"43":2,"44":2,"45":1,"46":1,"47":2,"48":0,"49":0,"50":9},"f":{"0":5,"1":27,"2":2,"3":2},"b":{"0":[1,4],"1":[4,0],"2":[1,2],"3":[1,26],"4":[26,0],"5":[2,24],"6":[2,22]},"meta":{"lastBranch":7,"lastFunction":4,"lastStatement":51,"seen":{"s:2:21:2:Infinity":0,"s:3:23:3:32":1,"s:9:22:32:Infinity":2,"f:9:22:9:34":0,"b:10:2:12:Infinity:undefined:undefined:undefined:undefined":0,"s:10:2:12:Infinity":3,"s:11:4:11:Infinity":4,"s:12:4:12:Infinity":5,"s:15:2:32:Infinity":6,"s:16:20:16:Infinity":7,"b:16:20:16:48:16:48:16:Infinity":1,"s:17:20:17:Infinity":8,"s:19:4:19:Infinity":9,"s:21:25:21:45":10,"b:22:4:23:Infinity:undefined:undefined:undefined:undefined":2,"s:22:4:23:Infinity":11,"s:23:6:23:Infinity":12,"s:26:4:26:Infinity":13,"s:27:4:27:Infinity":14,"s:29:4:29:Infinity":15,"s:31:4:31:Infinity":16,"s:32:4:32:Infinity":17,"s:40:24:71:Infinity":18,"f:40:24:40:31":1,"b:42:2:44:Infinity:undefined:undefined:undefined:undefined":3,"s:42:2:44:Infinity":19,"s:43:4:43:Infinity":20,"s:44:4:44:Infinity":21,"s:47:2:71:Infinity":22,"s:48:20:48:Infinity":23,"b:48:20:48:48:48:48:48:Infinity":4,"s:49:23:49:Infinity":24,"s:51:4:51:Infinity":25,"s:53:28:53:51":26,"b:54:4:55:Infinity:undefined:undefined:undefined:undefined":5,"s:54:4:55:Infinity":27,"s:55:6:55:Infinity":28,"s:58:20:58:48":29,"s:61:4:61:Infinity":30,"b:62:4:64:Infinity:undefined:undefined:undefined:undefined":6,"s:62:4:64:Infinity":31,"s:63:23:63:Infinity":32,"s:64:6:64:Infinity":33,"s:67:4:67:Infinity":34,"s:68:4:68:Infinity":35,"s:70:4:70:Infinity":36,"s:71:4:71:Infinity":37,"s:78:22:99:Infinity":38,"f:78:22:78:34":2,"s:79:2:99:Infinity":39,"s:80:21:80:42":40,"s:83:4:83:Infinity":41,"s:85:18:93:Infinity":42,"f:86:19:86:26":3,"s:87:8:91:Infinity":43,"s:88:26:88:62":44,"s:89:10:89:Infinity":45,"s:91:10:91:Infinity":46,"s:96:4:96:Infinity":47,"s:98:4:98:Infinity":48,"s:99:4:99:Infinity":49,"s:107:25:107:27":50}}}
,"E:\\1JsProjects\\blog\\src\\data\\dataService.js": {"path":"E:\\1JsProjects\\blog\\src\\data\\dataService.js","statementMap":{"0":{"start":{"line":5,"column":21},"end":{"line":5,"column":30}},"1":{"start":{"line":6,"column":19},"end":{"line":6,"column":null}},"2":{"start":{"line":11,"column":6},"end":{"line":21,"column":null}},"3":{"start":{"line":13,"column":2},"end":{"line":14,"column":null}},"4":{"start":{"line":14,"column":4},"end":{"line":14,"column":null}},"5":{"start":{"line":16,"column":2},"end":{"line":16,"column":null}},"6":{"start":{"line":19,"column":2},"end":{"line":21,"column":null}},"7":{"start":{"line":20,"column":21},"end":{"line":20,"column":null}},"8":{"start":{"line":21,"column":4},"end":{"line":21,"column":null}},"9":{"start":{"line":28,"column":6},"end":{"line":36,"column":null}},"10":{"start":{"line":29,"column":2},"end":{"line":34,"column":null}},"11":{"start":{"line":31,"column":20},"end":{"line":31,"column":40}},"12":{"start":{"line":32,"column":4},"end":{"line":32,"column":null}},"13":{"start":{"line":33,"column":4},"end":{"line":33,"column":null}},"14":{"start":{"line":34,"column":4},"end":{"line":34,"column":null}},"15":{"start":{"line":36,"column":2},"end":{"line":36,"column":null}},"16":{"start":{"line":42,"column":6},"end":{"line":45,"column":null}},"17":{"start":{"line":43,"column":2},"end":{"line":45,"column":null}},"18":{"start":{"line":44,"column":4},"end":{"line":44,"column":null}},"19":{"start":{"line":45,"column":4},"end":{"line":45,"column":null}},"20":{"start":{"line":52,"column":6},"end":{"line":54,"column":null}},"21":{"start":{"line":53,"column":2},"end":{"line":53,"column":null}},"22":{"start":{"line":54,"column":2},"end":{"line":54,"column":null}},"23":{"start":{"line":62,"column":28},"end":{"line":115,"column":null}},"24":{"start":{"line":63,"column":2},"end":{"line":115,"column":null}},"25":{"start":{"line":64,"column":19},"end":{"line":64,"column":37}},"26":{"start":{"line":66,"column":10},"end":{"line":69,"column":null}},"27":{"start":{"line":67,"column":6},"end":{"line":67,"column":null}},"28":{"start":{"line":67,"column":24},"end":{"line":67,"column":null}},"29":{"start":{"line":68,"column":22},"end":{"line":68,"column":null}},"30":{"start":{"line":69,"column":6},"end":{"line":69,"column":null}},"31":{"start":{"line":72,"column":4},"end":{"line":102,"column":null}},"32":{"start":{"line":74,"column":6},"end":{"line":86,"column":null}},"33":{"start":{"line":75,"column":26},"end":{"line":75,"column":52}},"34":{"start":{"line":76,"column":8},"end":{"line":84,"column":null}},"35":{"start":{"line":76,"column":38},"end":{"line":84,"column":11}},"36":{"start":{"line":86,"column":8},"end":{"line":86,"column":null}},"37":{"start":{"line":90,"column":6},"end":{"line":98,"column":null}},"38":{"start":{"line":90,"column":46},"end":{"line":98,"column":9}},"39":{"start":{"line":101,"column":21},"end":{"line":101,"column":52}},"40":{"start":{"line":102,"column":6},"end":{"line":102,"column":null}},"41":{"start":{"line":105,"column":4},"end":{"line":105,"column":null}},"42":{"start":{"line":107,"column":4},"end":{"line":115,"column":null}},"43":{"start":{"line":107,"column":44},"end":{"line":115,"column":7}},"44":{"start":{"line":127,"column":33},"end":{"line":193,"column":null}},"45":{"start":{"line":128,"column":2},"end":{"line":193,"column":null}},"46":{"start":{"line":129,"column":19},"end":{"line":129,"column":37}},"47":{"start":{"line":131,"column":4},"end":{"line":189,"column":null}},"48":{"start":{"line":133,"column":6},"end":{"line":155,"column":null}},"49":{"start":{"line":134,"column":29},"end":{"line":134,"column":50}},"50":{"start":{"line":135,"column":29},"end":{"line":144,"column":11}},"51":{"start":{"line":135,"column":55},"end":{"line":144,"column":11}},"52":{"start":{"line":146,"column":22},"end":{"line":146,"column":null}},"53":{"start":{"line":147,"column":27},"end":{"line":147,"column":54}},"54":{"start":{"line":148,"column":14},"end":{"line":148,"column":null}},"55":{"start":{"line":149,"column":25},"end":{"line":149,"column":null}},"56":{"start":{"line":150,"column":22},"end":{"line":150,"column":62}},"57":{"start":{"line":152,"column":8},"end":{"line":152,"column":null}},"58":{"start":{"line":153,"column":8},"end":{"line":153,"column":null}},"59":{"start":{"line":155,"column":8},"end":{"line":155,"column":null}},"60":{"start":{"line":159,"column":23},"end":{"line":159,"column":42}},"61":{"start":{"line":160,"column":27},"end":{"line":168,"column":9}},"62":{"start":{"line":160,"column":49},"end":{"line":168,"column":9}},"63":{"start":{"line":170,"column":20},"end":{"line":170,"column":null}},"64":{"start":{"line":171,"column":25},"end":{"line":171,"column":52}},"65":{"start":{"line":172,"column":12},"end":{"line":172,"column":null}},"66":{"start":{"line":173,"column":23},"end":{"line":173,"column":null}},"67":{"start":{"line":174,"column":20},"end":{"line":174,"column":60}},"68":{"start":{"line":176,"column":6},"end":{"line":176,"column":null}},"69":{"start":{"line":177,"column":6},"end":{"line":177,"column":null}},"70":{"start":{"line":180,"column":12},"end":{"line":180,"column":42}},"71":{"start":{"line":181,"column":23},"end":{"line":181,"column":94}},"72":{"start":{"line":183,"column":6},"end":{"line":184,"column":null}},"73":{"start":{"line":184,"column":8},"end":{"line":184,"column":null}},"74":{"start":{"line":187,"column":21},"end":{"line":187,"column":42}},"75":{"start":{"line":188,"column":6},"end":{"line":188,"column":null}},"76":{"start":{"line":189,"column":6},"end":{"line":189,"column":null}},"77":{"start":{"line":192,"column":4},"end":{"line":192,"column":null}},"78":{"start":{"line":193,"column":4},"end":{"line":193,"column":null}},"79":{"start":{"line":201,"column":29},"end":{"line":254,"column":null}},"80":{"start":{"line":202,"column":2},"end":{"line":254,"column":null}},"81":{"start":{"line":203,"column":19},"end":{"line":203,"column":37}},"82":{"start":{"line":205,"column":4},"end":{"line":250,"column":null}},"83":{"start":{"line":207,"column":6},"end":{"line":222,"column":null}},"84":{"start":{"line":208,"column":26},"end":{"line":208,"column":47}},"85":{"start":{"line":210,"column":28},"end":{"line":210,"column":30}},"86":{"start":{"line":211,"column":8},"end":{"line":215,"column":null}},"87":{"start":{"line":212,"column":10},"end":{"line":213,"column":null}},"88":{"start":{"line":213,"column":12},"end":{"line":213,"column":null}},"89":{"start":{"line":216,"column":27},"end":{"line":218,"column":55}},"90":{"start":{"line":217,"column":35},"end":{"line":217,"column":52}},"91":{"start":{"line":218,"column":26},"end":{"line":218,"column":54}},"92":{"start":{"line":219,"column":8},"end":{"line":219,"column":null}},"93":{"start":{"line":220,"column":8},"end":{"line":220,"column":null}},"94":{"start":{"line":222,"column":8},"end":{"line":222,"column":null}},"95":{"start":{"line":226,"column":20},"end":{"line":226,"column":39}},"96":{"start":{"line":228,"column":26},"end":{"line":228,"column":28}},"97":{"start":{"line":229,"column":6},"end":{"line":233,"column":null}},"98":{"start":{"line":230,"column":8},"end":{"line":231,"column":null}},"99":{"start":{"line":231,"column":10},"end":{"line":231,"column":null}},"100":{"start":{"line":234,"column":25},"end":{"line":236,"column":53}},"101":{"start":{"line":235,"column":33},"end":{"line":235,"column":50}},"102":{"start":{"line":236,"column":24},"end":{"line":236,"column":52}},"103":{"start":{"line":237,"column":6},"end":{"line":237,"column":null}},"104":{"start":{"line":238,"column":6},"end":{"line":238,"column":null}},"105":{"start":{"line":241,"column":12},"end":{"line":241,"column":42}},"106":{"start":{"line":242,"column":23},"end":{"line":242,"column":63}},"107":{"start":{"line":244,"column":6},"end":{"line":245,"column":null}},"108":{"start":{"line":245,"column":8},"end":{"line":245,"column":null}},"109":{"start":{"line":248,"column":25},"end":{"line":248,"column":46}},"110":{"start":{"line":249,"column":6},"end":{"line":249,"column":null}},"111":{"start":{"line":250,"column":6},"end":{"line":250,"column":null}},"112":{"start":{"line":253,"column":4},"end":{"line":253,"column":null}},"113":{"start":{"line":254,"column":4},"end":{"line":254,"column":null}},"114":{"start":{"line":265,"column":29},"end":{"line":321,"column":null}},"115":{"start":{"line":267,"column":17},"end":{"line":267,"column":33}},"116":{"start":{"line":268,"column":2},"end":{"line":270,"column":null}},"117":{"start":{"line":269,"column":4},"end":{"line":269,"column":null}},"118":{"start":{"line":270,"column":4},"end":{"line":270,"column":null}},"119":{"start":{"line":273,"column":2},"end":{"line":321,"column":null}},"120":{"start":{"line":274,"column":19},"end":{"line":274,"column":37}},"121":{"start":{"line":276,"column":4},"end":{"line":315,"column":null}},"122":{"start":{"line":278,"column":6},"end":{"line":291,"column":null}},"123":{"start":{"line":279,"column":26},"end":{"line":279,"column":47}},"124":{"start":{"line":280,"column":25},"end":{"line":280,"column":57}},"125":{"start":{"line":280,"column":45},"end":{"line":280,"column":57}},"126":{"start":{"line":282,"column":8},"end":{"line":288,"column":null}},"127":{"start":{"line":283,"column":10},"end":{"line":283,"column":null}},"128":{"start":{"line":284,"column":26},"end":{"line":284,"column":66}},"129":{"start":{"line":285,"column":23},"end":{"line":285,"column":null}},"130":{"start":{"line":286,"column":10},"end":{"line":286,"column":null}},"131":{"start":{"line":287,"column":10},"end":{"line":287,"column":null}},"132":{"start":{"line":288,"column":10},"end":{"line":288,"column":null}},"133":{"start":{"line":291,"column":8},"end":{"line":291,"column":null}},"134":{"start":{"line":295,"column":20},"end":{"line":295,"column":39}},"135":{"start":{"line":296,"column":19},"end":{"line":296,"column":47}},"136":{"start":{"line":296,"column":35},"end":{"line":296,"column":47}},"137":{"start":{"line":298,"column":6},"end":{"line":301,"column":null}},"138":{"start":{"line":299,"column":8},"end":{"line":299,"column":null}},"139":{"start":{"line":300,"column":8},"end":{"line":300,"column":null}},"140":{"start":{"line":301,"column":8},"end":{"line":301,"column":null}},"141":{"start":{"line":305,"column":12},"end":{"line":305,"column":42}},"142":{"start":{"line":306,"column":23},"end":{"line":306,"column":64}},"143":{"start":{"line":308,"column":6},"end":{"line":309,"column":null}},"144":{"start":{"line":309,"column":8},"end":{"line":309,"column":null}},"145":{"start":{"line":312,"column":19},"end":{"line":312,"column":40}},"146":{"start":{"line":313,"column":6},"end":{"line":313,"column":null}},"147":{"start":{"line":314,"column":6},"end":{"line":314,"column":null}},"148":{"start":{"line":315,"column":6},"end":{"line":315,"column":null}},"149":{"start":{"line":318,"column":4},"end":{"line":318,"column":null}},"150":{"start":{"line":320,"column":4},"end":{"line":320,"column":null}},"151":{"start":{"line":321,"column":4},"end":{"line":321,"column":null}},"152":{"start":{"line":333,"column":43},"end":{"line":402,"column":null}},"153":{"start":{"line":334,"column":2},"end":{"line":402,"column":null}},"154":{"start":{"line":335,"column":19},"end":{"line":335,"column":37}},"155":{"start":{"line":337,"column":4},"end":{"line":398,"column":null}},"156":{"start":{"line":339,"column":6},"end":{"line":362,"column":null}},"157":{"start":{"line":340,"column":26},"end":{"line":340,"column":47}},"158":{"start":{"line":341,"column":29},"end":{"line":351,"column":13}},"159":{"start":{"line":342,"column":26},"end":{"line":342,"column":53}},"160":{"start":{"line":343,"column":24},"end":{"line":351,"column":13}},"161":{"start":{"line":353,"column":22},"end":{"line":353,"column":null}},"162":{"start":{"line":354,"column":27},"end":{"line":354,"column":54}},"163":{"start":{"line":355,"column":14},"end":{"line":355,"column":null}},"164":{"start":{"line":356,"column":25},"end":{"line":356,"column":null}},"165":{"start":{"line":357,"column":22},"end":{"line":357,"column":62}},"166":{"start":{"line":359,"column":8},"end":{"line":359,"column":null}},"167":{"start":{"line":360,"column":8},"end":{"line":360,"column":null}},"168":{"start":{"line":362,"column":8},"end":{"line":362,"column":null}},"169":{"start":{"line":366,"column":23},"end":{"line":366,"column":42}},"170":{"start":{"line":367,"column":27},"end":{"line":377,"column":11}},"171":{"start":{"line":368,"column":24},"end":{"line":368,"column":51}},"172":{"start":{"line":369,"column":22},"end":{"line":377,"column":11}},"173":{"start":{"line":379,"column":20},"end":{"line":379,"column":null}},"174":{"start":{"line":380,"column":25},"end":{"line":380,"column":52}},"175":{"start":{"line":381,"column":12},"end":{"line":381,"column":null}},"176":{"start":{"line":382,"column":23},"end":{"line":382,"column":null}},"177":{"start":{"line":383,"column":20},"end":{"line":383,"column":60}},"178":{"start":{"line":385,"column":6},"end":{"line":385,"column":null}},"179":{"start":{"line":386,"column":6},"end":{"line":386,"column":null}},"180":{"start":{"line":389,"column":12},"end":{"line":389,"column":42}},"181":{"start":{"line":390,"column":23},"end":{"line":390,"column":130}},"182":{"start":{"line":392,"column":6},"end":{"line":393,"column":null}},"183":{"start":{"line":393,"column":8},"end":{"line":393,"column":null}},"184":{"start":{"line":396,"column":21},"end":{"line":396,"column":42}},"185":{"start":{"line":397,"column":6},"end":{"line":397,"column":null}},"186":{"start":{"line":398,"column":6},"end":{"line":398,"column":null}},"187":{"start":{"line":401,"column":4},"end":{"line":401,"column":null}},"188":{"start":{"line":402,"column":4},"end":{"line":402,"column":null}},"189":{"start":{"line":414,"column":45},"end":{"line":488,"column":null}},"190":{"start":{"line":415,"column":2},"end":{"line":488,"column":null}},"191":{"start":{"line":416,"column":4},"end":{"line":417,"column":null}},"192":{"start":{"line":417,"column":6},"end":{"line":417,"column":null}},"193":{"start":{"line":420,"column":19},"end":{"line":420,"column":37}},"194":{"start":{"line":422,"column":4},"end":{"line":484,"column":null}},"195":{"start":{"line":424,"column":6},"end":{"line":447,"column":null}},"196":{"start":{"line":425,"column":26},"end":{"line":425,"column":47}},"197":{"start":{"line":426,"column":29},"end":{"line":436,"column":13}},"198":{"start":{"line":427,"column":26},"end":{"line":427,"column":60}},"199":{"start":{"line":428,"column":24},"end":{"line":436,"column":13}},"200":{"start":{"line":438,"column":22},"end":{"line":438,"column":null}},"201":{"start":{"line":439,"column":27},"end":{"line":439,"column":54}},"202":{"start":{"line":440,"column":14},"end":{"line":440,"column":null}},"203":{"start":{"line":441,"column":25},"end":{"line":441,"column":null}},"204":{"start":{"line":442,"column":22},"end":{"line":442,"column":62}},"205":{"start":{"line":444,"column":8},"end":{"line":444,"column":null}},"206":{"start":{"line":445,"column":8},"end":{"line":445,"column":null}},"207":{"start":{"line":447,"column":8},"end":{"line":447,"column":null}},"208":{"start":{"line":451,"column":23},"end":{"line":451,"column":42}},"209":{"start":{"line":452,"column":27},"end":{"line":462,"column":11}},"210":{"start":{"line":453,"column":24},"end":{"line":453,"column":58}},"211":{"start":{"line":454,"column":22},"end":{"line":462,"column":11}},"212":{"start":{"line":464,"column":20},"end":{"line":464,"column":null}},"213":{"start":{"line":465,"column":25},"end":{"line":465,"column":52}},"214":{"start":{"line":466,"column":12},"end":{"line":466,"column":null}},"215":{"start":{"line":467,"column":23},"end":{"line":467,"column":null}},"216":{"start":{"line":468,"column":20},"end":{"line":468,"column":60}},"217":{"start":{"line":470,"column":6},"end":{"line":470,"column":null}},"218":{"start":{"line":471,"column":6},"end":{"line":471,"column":null}},"219":{"start":{"line":474,"column":12},"end":{"line":474,"column":42}},"220":{"start":{"line":475,"column":26},"end":{"line":475,"column":94}},"221":{"start":{"line":475,"column":46},"end":{"line":475,"column":84}},"222":{"start":{"line":476,"column":23},"end":{"line":476,"column":115}},"223":{"start":{"line":478,"column":6},"end":{"line":479,"column":null}},"224":{"start":{"line":479,"column":8},"end":{"line":479,"column":null}},"225":{"start":{"line":482,"column":21},"end":{"line":482,"column":42}},"226":{"start":{"line":483,"column":6},"end":{"line":483,"column":null}},"227":{"start":{"line":484,"column":6},"end":{"line":484,"column":null}},"228":{"start":{"line":487,"column":4},"end":{"line":487,"column":null}},"229":{"start":{"line":488,"column":4},"end":{"line":488,"column":null}},"230":{"start":{"line":500,"column":27},"end":{"line":579,"column":null}},"231":{"start":{"line":501,"column":2},"end":{"line":579,"column":null}},"232":{"start":{"line":502,"column":4},"end":{"line":503,"column":null}},"233":{"start":{"line":503,"column":6},"end":{"line":503,"column":null}},"234":{"start":{"line":506,"column":19},"end":{"line":506,"column":37}},"235":{"start":{"line":508,"column":4},"end":{"line":575,"column":null}},"236":{"start":{"line":510,"column":6},"end":{"line":536,"column":null}},"237":{"start":{"line":511,"column":26},"end":{"line":511,"column":47}},"238":{"start":{"line":512,"column":29},"end":{"line":525,"column":13}},"239":{"start":{"line":514,"column":12},"end":{"line":515,"column":70}},"240":{"start":{"line":517,"column":24},"end":{"line":525,"column":13}},"241":{"start":{"line":527,"column":22},"end":{"line":527,"column":null}},"242":{"start":{"line":528,"column":27},"end":{"line":528,"column":54}},"243":{"start":{"line":529,"column":14},"end":{"line":529,"column":null}},"244":{"start":{"line":530,"column":25},"end":{"line":530,"column":null}},"245":{"start":{"line":531,"column":22},"end":{"line":531,"column":62}},"246":{"start":{"line":533,"column":8},"end":{"line":533,"column":null}},"247":{"start":{"line":534,"column":8},"end":{"line":534,"column":null}},"248":{"start":{"line":536,"column":8},"end":{"line":536,"column":null}},"249":{"start":{"line":540,"column":23},"end":{"line":540,"column":42}},"250":{"start":{"line":541,"column":27},"end":{"line":554,"column":11}},"251":{"start":{"line":543,"column":10},"end":{"line":544,"column":76}},"252":{"start":{"line":546,"column":22},"end":{"line":554,"column":11}},"253":{"start":{"line":556,"column":20},"end":{"line":556,"column":null}},"254":{"start":{"line":557,"column":25},"end":{"line":557,"column":52}},"255":{"start":{"line":558,"column":12},"end":{"line":558,"column":null}},"256":{"start":{"line":559,"column":23},"end":{"line":559,"column":null}},"257":{"start":{"line":560,"column":20},"end":{"line":560,"column":60}},"258":{"start":{"line":562,"column":6},"end":{"line":562,"column":null}},"259":{"start":{"line":563,"column":6},"end":{"line":563,"column":null}},"260":{"start":{"line":566,"column":12},"end":{"line":566,"column":42}},"261":{"start":{"line":567,"column":23},"end":{"line":567,"column":135}},"262":{"start":{"line":569,"column":6},"end":{"line":570,"column":null}},"263":{"start":{"line":570,"column":8},"end":{"line":570,"column":null}},"264":{"start":{"line":573,"column":21},"end":{"line":573,"column":42}},"265":{"start":{"line":574,"column":6},"end":{"line":574,"column":null}},"266":{"start":{"line":575,"column":6},"end":{"line":575,"column":null}},"267":{"start":{"line":578,"column":4},"end":{"line":578,"column":null}},"268":{"start":{"line":579,"column":4},"end":{"line":579,"column":null}},"269":{"start":{"line":587,"column":34},"end":{"line":589,"column":null}},"270":{"start":{"line":589,"column":2},"end":{"line":589,"column":null}},"271":{"start":{"line":596,"column":13},"end":{"line":597,"column":null}},"272":{"start":{"line":597,"column":2},"end":{"line":597,"column":null}},"273":{"start":{"line":605,"column":6},"end":{"line":606,"column":null}},"274":{"start":{"line":606,"column":2},"end":{"line":606,"column":null}},"275":{"start":{"line":612,"column":6},"end":{"line":617,"column":null}},"276":{"start":{"line":613,"column":16},"end":{"line":613,"column":30}},"277":{"start":{"line":614,"column":2},"end":{"line":617,"column":null}},"278":{"start":{"line":623,"column":26},"end":{"line":657,"column":null}},"279":{"start":{"line":624,"column":2},"end":{"line":657,"column":null}},"280":{"start":{"line":625,"column":19},"end":{"line":625,"column":37}},"281":{"start":{"line":627,"column":4},"end":{"line":653,"column":null}},"282":{"start":{"line":629,"column":6},"end":{"line":629,"column":null}},"283":{"start":{"line":632,"column":12},"end":{"line":632,"column":42}},"284":{"start":{"line":633,"column":23},"end":{"line":637,"column":8}},"285":{"start":{"line":639,"column":6},"end":{"line":646,"column":null}},"286":{"start":{"line":640,"column":8},"end":{"line":644,"column":null}},"287":{"start":{"line":642,"column":10},"end":{"line":642,"column":null}},"288":{"start":{"line":643,"column":10},"end":{"line":643,"column":null}},"289":{"start":{"line":644,"column":10},"end":{"line":644,"column":null}},"290":{"start":{"line":646,"column":8},"end":{"line":646,"column":null}},"291":{"start":{"line":649,"column":22},"end":{"line":649,"column":43}},"292":{"start":{"line":651,"column":6},"end":{"line":651,"column":null}},"293":{"start":{"line":652,"column":6},"end":{"line":652,"column":null}},"294":{"start":{"line":653,"column":6},"end":{"line":653,"column":null}},"295":{"start":{"line":656,"column":4},"end":{"line":656,"column":null}},"296":{"start":{"line":657,"column":4},"end":{"line":657,"column":null}},"297":{"start":{"line":664,"column":26},"end":{"line":695,"column":null}},"298":{"start":{"line":665,"column":2},"end":{"line":695,"column":null}},"299":{"start":{"line":666,"column":19},"end":{"line":666,"column":37}},"300":{"start":{"line":668,"column":4},"end":{"line":691,"column":null}},"301":{"start":{"line":669,"column":6},"end":{"line":669,"column":null}},"302":{"start":{"line":671,"column":12},"end":{"line":671,"column":42}},"303":{"start":{"line":672,"column":23},"end":{"line":676,"column":8}},"304":{"start":{"line":678,"column":6},"end":{"line":684,"column":null}},"305":{"start":{"line":679,"column":8},"end":{"line":682,"column":null}},"306":{"start":{"line":680,"column":10},"end":{"line":680,"column":null}},"307":{"start":{"line":681,"column":10},"end":{"line":681,"column":null}},"308":{"start":{"line":682,"column":10},"end":{"line":682,"column":null}},"309":{"start":{"line":684,"column":8},"end":{"line":684,"column":null}},"310":{"start":{"line":687,"column":26},"end":{"line":687,"column":47}},"311":{"start":{"line":689,"column":6},"end":{"line":689,"column":null}},"312":{"start":{"line":690,"column":6},"end":{"line":690,"column":null}},"313":{"start":{"line":691,"column":6},"end":{"line":691,"column":null}},"314":{"start":{"line":694,"column":4},"end":{"line":694,"column":null}},"315":{"start":{"line":695,"column":4},"end":{"line":695,"column":null}},"316":{"start":{"line":702,"column":26},"end":{"line":730,"column":null}},"317":{"start":{"line":703,"column":2},"end":{"line":730,"column":null}},"318":{"start":{"line":704,"column":19},"end":{"line":704,"column":37}},"319":{"start":{"line":706,"column":4},"end":{"line":726,"column":null}},"320":{"start":{"line":707,"column":6},"end":{"line":707,"column":null}},"321":{"start":{"line":709,"column":12},"end":{"line":709,"column":42}},"322":{"start":{"line":710,"column":23},"end":{"line":713,"column":8}},"323":{"start":{"line":715,"column":6},"end":{"line":721,"column":null}},"324":{"start":{"line":716,"column":8},"end":{"line":719,"column":null}},"325":{"start":{"line":717,"column":10},"end":{"line":717,"column":null}},"326":{"start":{"line":718,"column":10},"end":{"line":718,"column":null}},"327":{"start":{"line":719,"column":10},"end":{"line":719,"column":null}},"328":{"start":{"line":721,"column":8},"end":{"line":721,"column":null}},"329":{"start":{"line":725,"column":6},"end":{"line":725,"column":null}},"330":{"start":{"line":726,"column":6},"end":{"line":726,"column":null}},"331":{"start":{"line":729,"column":4},"end":{"line":729,"column":null}},"332":{"start":{"line":730,"column":4},"end":{"line":730,"column":null}},"333":{"start":{"line":737,"column":13},"end":{"line":738,"column":null}},"334":{"start":{"line":738,"column":2},"end":{"line":738,"column":null}},"335":{"start":{"line":744,"column":13},"end":{"line":745,"column":null}},"336":{"start":{"line":745,"column":2},"end":{"line":745,"column":null}}},"fnMap":{"0":{"name":"(anonymous_0)","decl":{"start":{"line":11,"column":6},"end":{"line":11,"column":20}},"loc":{"start":{"line":11,"column":36},"end":{"line":21,"column":null}},"line":11},"1":{"name":"(anonymous_1)","decl":{"start":{"line":28,"column":6},"end":{"line":28,"column":22}},"loc":{"start":{"line":28,"column":29},"end":{"line":36,"column":null}},"line":28},"2":{"name":"(anonymous_2)","decl":{"start":{"line":42,"column":6},"end":{"line":42,"column":25}},"loc":{"start":{"line":42,"column":32},"end":{"line":45,"column":null}},"line":42},"3":{"name":"(anonymous_3)","decl":{"start":{"line":52,"column":6},"end":{"line":52,"column":28}},"loc":{"start":{"line":52,"column":28},"end":{"line":54,"column":null}},"line":52},"4":{"name":"(anonymous_4)","decl":{"start":{"line":62,"column":28},"end":{"line":62,"column":40}},"loc":{"start":{"line":62,"column":40},"end":{"line":115,"column":null}},"line":62},"5":{"name":"(anonymous_5)","decl":{"start":{"line":66,"column":10},"end":{"line":66,"column":23}},"loc":{"start":{"line":66,"column":32},"end":{"line":69,"column":null}},"line":66},"6":{"name":"(anonymous_6)","decl":{"start":{"line":76,"column":25},"end":{"line":76,"column":29}},"loc":{"start":{"line":76,"column":38},"end":{"line":84,"column":11}},"line":76},"7":{"name":"(anonymous_7)","decl":{"start":{"line":90,"column":33},"end":{"line":90,"column":37}},"loc":{"start":{"line":90,"column":46},"end":{"line":98,"column":9}},"line":90},"8":{"name":"(anonymous_8)","decl":{"start":{"line":107,"column":31},"end":{"line":107,"column":35}},"loc":{"start":{"line":107,"column":44},"end":{"line":115,"column":7}},"line":107},"9":{"name":"(anonymous_9)","decl":{"start":{"line":127,"column":33},"end":{"line":127,"column":40}},"loc":{"start":{"line":127,"column":68},"end":{"line":193,"column":null}},"line":127},"10":{"name":"(anonymous_10)","decl":{"start":{"line":135,"column":42},"end":{"line":135,"column":46}},"loc":{"start":{"line":135,"column":55},"end":{"line":144,"column":11}},"line":135},"11":{"name":"(anonymous_11)","decl":{"start":{"line":160,"column":36},"end":{"line":160,"column":40}},"loc":{"start":{"line":160,"column":49},"end":{"line":168,"column":9}},"line":160},"12":{"name":"(anonymous_12)","decl":{"start":{"line":201,"column":29},"end":{"line":201,"column":41}},"loc":{"start":{"line":201,"column":41},"end":{"line":254,"column":null}},"line":201},"13":{"name":"(anonymous_13)","decl":{"start":{"line":211,"column":18},"end":{"line":211,"column":26}},"loc":{"start":{"line":211,"column":34},"end":{"line":215,"column":null}},"line":211},"14":{"name":"(anonymous_14)","decl":{"start":{"line":217,"column":11},"end":{"line":217,"column":16}},"loc":{"start":{"line":217,"column":35},"end":{"line":217,"column":52}},"line":217},"15":{"name":"(anonymous_15)","decl":{"start":{"line":218,"column":11},"end":{"line":218,"column":17}},"loc":{"start":{"line":218,"column":26},"end":{"line":218,"column":54}},"line":218},"16":{"name":"(anonymous_16)","decl":{"start":{"line":229,"column":12},"end":{"line":229,"column":20}},"loc":{"start":{"line":229,"column":28},"end":{"line":233,"column":null}},"line":229},"17":{"name":"(anonymous_17)","decl":{"start":{"line":235,"column":9},"end":{"line":235,"column":14}},"loc":{"start":{"line":235,"column":33},"end":{"line":235,"column":50}},"line":235},"18":{"name":"(anonymous_18)","decl":{"start":{"line":236,"column":9},"end":{"line":236,"column":15}},"loc":{"start":{"line":236,"column":24},"end":{"line":236,"column":52}},"line":236},"19":{"name":"(anonymous_19)","decl":{"start":{"line":265,"column":29},"end":{"line":265,"column":36}},"loc":{"start":{"line":265,"column":43},"end":{"line":321,"column":null}},"line":265},"20":{"name":"(anonymous_20)","decl":{"start":{"line":280,"column":35},"end":{"line":280,"column":40}},"loc":{"start":{"line":280,"column":45},"end":{"line":280,"column":57}},"line":280},"21":{"name":"(anonymous_21)","decl":{"start":{"line":296,"column":25},"end":{"line":296,"column":30}},"loc":{"start":{"line":296,"column":35},"end":{"line":296,"column":47}},"line":296},"22":{"name":"(anonymous_22)","decl":{"start":{"line":333,"column":43},"end":{"line":333,"column":50}},"loc":{"start":{"line":333,"column":88},"end":{"line":402,"column":null}},"line":333},"23":{"name":"(anonymous_23)","decl":{"start":{"line":342,"column":11},"end":{"line":342,"column":18}},"loc":{"start":{"line":342,"column":26},"end":{"line":342,"column":53}},"line":342},"24":{"name":"(anonymous_24)","decl":{"start":{"line":343,"column":11},"end":{"line":343,"column":15}},"loc":{"start":{"line":343,"column":24},"end":{"line":351,"column":13}},"line":343},"25":{"name":"(anonymous_25)","decl":{"start":{"line":368,"column":9},"end":{"line":368,"column":16}},"loc":{"start":{"line":368,"column":24},"end":{"line":368,"column":51}},"line":368},"26":{"name":"(anonymous_26)","decl":{"start":{"line":369,"column":9},"end":{"line":369,"column":13}},"loc":{"start":{"line":369,"column":22},"end":{"line":377,"column":11}},"line":369},"27":{"name":"(anonymous_27)","decl":{"start":{"line":414,"column":45},"end":{"line":414,"column":52}},"loc":{"start":{"line":414,"column":92},"end":{"line":488,"column":null}},"line":414},"28":{"name":"(anonymous_28)","decl":{"start":{"line":427,"column":11},"end":{"line":427,"column":18}},"loc":{"start":{"line":427,"column":26},"end":{"line":427,"column":60}},"line":427},"29":{"name":"(anonymous_29)","decl":{"start":{"line":428,"column":11},"end":{"line":428,"column":15}},"loc":{"start":{"line":428,"column":24},"end":{"line":436,"column":13}},"line":428},"30":{"name":"(anonymous_30)","decl":{"start":{"line":453,"column":9},"end":{"line":453,"column":16}},"loc":{"start":{"line":453,"column":24},"end":{"line":453,"column":58}},"line":453},"31":{"name":"(anonymous_31)","decl":{"start":{"line":454,"column":9},"end":{"line":454,"column":13}},"loc":{"start":{"line":454,"column":22},"end":{"line":462,"column":11}},"line":454},"32":{"name":"(anonymous_32)","decl":{"start":{"line":475,"column":37},"end":{"line":475,"column":41}},"loc":{"start":{"line":475,"column":46},"end":{"line":475,"column":84}},"line":475},"33":{"name":"(anonymous_33)","decl":{"start":{"line":500,"column":27},"end":{"line":500,"column":34}},"loc":{"start":{"line":500,"column":71},"end":{"line":579,"column":null}},"line":500},"34":{"name":"(anonymous_34)","decl":{"start":{"line":513,"column":11},"end":{"line":513,"column":18}},"loc":{"start":{"line":514,"column":12},"end":{"line":515,"column":70}},"line":514},"35":{"name":"(anonymous_35)","decl":{"start":{"line":517,"column":11},"end":{"line":517,"column":15}},"loc":{"start":{"line":517,"column":24},"end":{"line":525,"column":13}},"line":517},"36":{"name":"(anonymous_36)","decl":{"start":{"line":542,"column":9},"end":{"line":542,"column":16}},"loc":{"start":{"line":543,"column":10},"end":{"line":544,"column":76}},"line":543},"37":{"name":"(anonymous_37)","decl":{"start":{"line":546,"column":9},"end":{"line":546,"column":13}},"loc":{"start":{"line":546,"column":22},"end":{"line":554,"column":11}},"line":546},"38":{"name":"(anonymous_38)","decl":{"start":{"line":587,"column":34},"end":{"line":587,"column":46}},"loc":{"start":{"line":587,"column":46},"end":{"line":589,"column":null}},"line":587},"39":{"name":"(anonymous_39)","decl":{"start":{"line":596,"column":13},"end":{"line":596,"column":39}},"loc":{"start":{"line":596,"column":39},"end":{"line":597,"column":null}},"line":596},"40":{"name":"(anonymous_40)","decl":{"start":{"line":605,"column":6},"end":{"line":605,"column":27}},"loc":{"start":{"line":605,"column":27},"end":{"line":606,"column":null}},"line":605},"41":{"name":"(anonymous_41)","decl":{"start":{"line":612,"column":6},"end":{"line":612,"column":29}},"loc":{"start":{"line":612,"column":29},"end":{"line":617,"column":null}},"line":612},"42":{"name":"(anonymous_42)","decl":{"start":{"line":623,"column":26},"end":{"line":623,"column":33}},"loc":{"start":{"line":623,"column":46},"end":{"line":657,"column":null}},"line":623},"43":{"name":"(anonymous_43)","decl":{"start":{"line":664,"column":26},"end":{"line":664,"column":33}},"loc":{"start":{"line":664,"column":50},"end":{"line":695,"column":null}},"line":664},"44":{"name":"(anonymous_44)","decl":{"start":{"line":702,"column":26},"end":{"line":702,"column":33}},"loc":{"start":{"line":702,"column":40},"end":{"line":730,"column":null}},"line":702},"45":{"name":"(anonymous_45)","decl":{"start":{"line":737,"column":13},"end":{"line":737,"column":31}},"loc":{"start":{"line":737,"column":38},"end":{"line":738,"column":null}},"line":737},"46":{"name":"(anonymous_46)","decl":{"start":{"line":744,"column":13},"end":{"line":744,"column":40}},"loc":{"start":{"line":744,"column":40},"end":{"line":745,"column":null}},"line":744}},"branchMap":{"0":{"loc":{"start":{"line":13,"column":2},"end":{"line":14,"column":null}},"type":"if","locations":[{"start":{"line":13,"column":2},"end":{"line":14,"column":null}},{"start":{},"end":{}}],"line":13},"1":{"loc":{"start":{"line":19,"column":2},"end":{"line":21,"column":null}},"type":"if","locations":[{"start":{"line":19,"column":2},"end":{"line":21,"column":null}},{"start":{},"end":{}}],"line":19},"2":{"loc":{"start":{"line":29,"column":2},"end":{"line":34,"column":null}},"type":"if","locations":[{"start":{"line":29,"column":2},"end":{"line":34,"column":null}},{"start":{},"end":{}}],"line":29},"3":{"loc":{"start":{"line":43,"column":2},"end":{"line":45,"column":null}},"type":"if","locations":[{"start":{"line":43,"column":2},"end":{"line":45,"column":null}},{"start":{},"end":{}}],"line":43},"4":{"loc":{"start":{"line":67,"column":6},"end":{"line":67,"column":null}},"type":"if","locations":[{"start":{"line":67,"column":6},"end":{"line":67,"column":null}},{"start":{},"end":{}}],"line":67},"5":{"loc":{"start":{"line":68,"column":22},"end":{"line":68,"column":null}},"type":"cond-expr","locations":[{"start":{"line":68,"column":57},"end":{"line":68,"column":87}},{"start":{"line":68,"column":90},"end":{"line":68,"column":null}}],"line":68},"6":{"loc":{"start":{"line":69,"column":13},"end":{"line":69,"column":null}},"type":"cond-expr","locations":[{"start":{"line":69,"column":23},"end":{"line":69,"column":41}},{"start":{"line":69,"column":41},"end":{"line":69,"column":null}}],"line":69},"7":{"loc":{"start":{"line":72,"column":4},"end":{"line":102,"column":null}},"type":"if","locations":[{"start":{"line":72,"column":4},"end":{"line":102,"column":null}},{"start":{"line":99,"column":11},"end":{"line":102,"column":null}}],"line":72},"8":{"loc":{"start":{"line":113,"column":16},"end":{"line":113,"column":null}},"type":"cond-expr","locations":[{"start":{"line":113,"column":31},"end":{"line":113,"column":47}},{"start":{"line":113,"column":47},"end":{"line":113,"column":null}}],"line":113},"9":{"loc":{"start":{"line":113,"column":47},"end":{"line":113,"column":null}},"type":"cond-expr","locations":[{"start":{"line":113,"column":116},"end":{"line":113,"column":157}},{"start":{"line":113,"column":157},"end":{"line":113,"column":null}}],"line":113},"10":{"loc":{"start":{"line":113,"column":47},"end":{"line":113,"column":113}},"type":"binary-expr","locations":[{"start":{"line":113,"column":47},"end":{"line":113,"column":83}},{"start":{"line":113,"column":83},"end":{"line":113,"column":113}}],"line":113},"11":{"loc":{"start":{"line":127,"column":40},"end":{"line":127,"column":50}},"type":"default-arg","locations":[{"start":{"line":127,"column":47},"end":{"line":127,"column":50}}],"line":127},"12":{"loc":{"start":{"line":127,"column":50},"end":{"line":127,"column":68}},"type":"default-arg","locations":[{"start":{"line":127,"column":61},"end":{"line":127,"column":68}}],"line":127},"13":{"loc":{"start":{"line":131,"column":4},"end":{"line":189,"column":null}},"type":"if","locations":[{"start":{"line":131,"column":4},"end":{"line":189,"column":null}},{"start":{"line":178,"column":11},"end":{"line":189,"column":null}}],"line":131},"14":{"loc":{"start":{"line":139,"column":20},"end":{"line":139,"column":null}},"type":"binary-expr","locations":[{"start":{"line":139,"column":20},"end":{"line":139,"column":37}},{"start":{"line":139,"column":37},"end":{"line":139,"column":null}}],"line":139},"15":{"loc":{"start":{"line":140,"column":16},"end":{"line":140,"column":null}},"type":"binary-expr","locations":[{"start":{"line":140,"column":16},"end":{"line":140,"column":33}},{"start":{"line":140,"column":33},"end":{"line":140,"column":null}}],"line":140},"16":{"loc":{"start":{"line":141,"column":19},"end":{"line":141,"column":null}},"type":"binary-expr","locations":[{"start":{"line":141,"column":19},"end":{"line":141,"column":35}},{"start":{"line":141,"column":35},"end":{"line":141,"column":null}}],"line":141},"17":{"loc":{"start":{"line":164,"column":18},"end":{"line":164,"column":null}},"type":"binary-expr","locations":[{"start":{"line":164,"column":18},"end":{"line":164,"column":35}},{"start":{"line":164,"column":35},"end":{"line":164,"column":null}}],"line":164},"18":{"loc":{"start":{"line":165,"column":14},"end":{"line":165,"column":null}},"type":"binary-expr","locations":[{"start":{"line":165,"column":14},"end":{"line":165,"column":31}},{"start":{"line":165,"column":31},"end":{"line":165,"column":null}}],"line":165},"19":{"loc":{"start":{"line":166,"column":17},"end":{"line":166,"column":null}},"type":"binary-expr","locations":[{"start":{"line":166,"column":17},"end":{"line":166,"column":34}},{"start":{"line":166,"column":34},"end":{"line":166,"column":133}},{"start":{"line":166,"column":133},"end":{"line":166,"column":null}}],"line":166},"20":{"loc":{"start":{"line":183,"column":6},"end":{"line":184,"column":null}},"type":"if","locations":[{"start":{"line":183,"column":6},"end":{"line":184,"column":null}},{"start":{},"end":{}}],"line":183},"21":{"loc":{"start":{"line":205,"column":4},"end":{"line":250,"column":null}},"type":"if","locations":[{"start":{"line":205,"column":4},"end":{"line":250,"column":null}},{"start":{"line":239,"column":11},"end":{"line":250,"column":null}}],"line":205},"22":{"loc":{"start":{"line":212,"column":10},"end":{"line":213,"column":null}},"type":"if","locations":[{"start":{"line":212,"column":10},"end":{"line":213,"column":null}},{"start":{},"end":{}}],"line":212},"23":{"loc":{"start":{"line":213,"column":42},"end":{"line":213,"column":77}},"type":"binary-expr","locations":[{"start":{"line":213,"column":42},"end":{"line":213,"column":72}},{"start":{"line":213,"column":72},"end":{"line":213,"column":77}}],"line":213},"24":{"loc":{"start":{"line":230,"column":8},"end":{"line":231,"column":null}},"type":"if","locations":[{"start":{"line":230,"column":8},"end":{"line":231,"column":null}},{"start":{},"end":{}}],"line":230},"25":{"loc":{"start":{"line":231,"column":40},"end":{"line":231,"column":75}},"type":"binary-expr","locations":[{"start":{"line":231,"column":40},"end":{"line":231,"column":70}},{"start":{"line":231,"column":70},"end":{"line":231,"column":75}}],"line":231},"26":{"loc":{"start":{"line":244,"column":6},"end":{"line":245,"column":null}},"type":"if","locations":[{"start":{"line":244,"column":6},"end":{"line":245,"column":null}},{"start":{},"end":{}}],"line":244},"27":{"loc":{"start":{"line":268,"column":2},"end":{"line":270,"column":null}},"type":"if","locations":[{"start":{"line":268,"column":2},"end":{"line":270,"column":null}},{"start":{},"end":{}}],"line":268},"28":{"loc":{"start":{"line":276,"column":4},"end":{"line":315,"column":null}},"type":"if","locations":[{"start":{"line":276,"column":4},"end":{"line":315,"column":null}},{"start":{"line":303,"column":11},"end":{"line":315,"column":null}}],"line":276},"29":{"loc":{"start":{"line":282,"column":8},"end":{"line":288,"column":null}},"type":"if","locations":[{"start":{"line":282,"column":8},"end":{"line":288,"column":null}},{"start":{},"end":{}}],"line":282},"30":{"loc":{"start":{"line":298,"column":6},"end":{"line":301,"column":null}},"type":"if","locations":[{"start":{"line":298,"column":6},"end":{"line":301,"column":null}},{"start":{},"end":{}}],"line":298},"31":{"loc":{"start":{"line":308,"column":6},"end":{"line":309,"column":null}},"type":"if","locations":[{"start":{"line":308,"column":6},"end":{"line":309,"column":null}},{"start":{},"end":{}}],"line":308},"32":{"loc":{"start":{"line":333,"column":60},"end":{"line":333,"column":70}},"type":"default-arg","locations":[{"start":{"line":333,"column":67},"end":{"line":333,"column":70}}],"line":333},"33":{"loc":{"start":{"line":333,"column":70},"end":{"line":333,"column":88}},"type":"default-arg","locations":[{"start":{"line":333,"column":81},"end":{"line":333,"column":88}}],"line":333},"34":{"loc":{"start":{"line":337,"column":4},"end":{"line":398,"column":null}},"type":"if","locations":[{"start":{"line":337,"column":4},"end":{"line":398,"column":null}},{"start":{"line":387,"column":11},"end":{"line":398,"column":null}}],"line":337},"35":{"loc":{"start":{"line":347,"column":22},"end":{"line":347,"column":null}},"type":"binary-expr","locations":[{"start":{"line":347,"column":22},"end":{"line":347,"column":39}},{"start":{"line":347,"column":39},"end":{"line":347,"column":null}}],"line":347},"36":{"loc":{"start":{"line":348,"column":18},"end":{"line":348,"column":null}},"type":"binary-expr","locations":[{"start":{"line":348,"column":18},"end":{"line":348,"column":35}},{"start":{"line":348,"column":35},"end":{"line":348,"column":null}}],"line":348},"37":{"loc":{"start":{"line":349,"column":21},"end":{"line":349,"column":null}},"type":"binary-expr","locations":[{"start":{"line":349,"column":21},"end":{"line":349,"column":37}},{"start":{"line":349,"column":37},"end":{"line":349,"column":null}}],"line":349},"38":{"loc":{"start":{"line":373,"column":20},"end":{"line":373,"column":null}},"type":"binary-expr","locations":[{"start":{"line":373,"column":20},"end":{"line":373,"column":37}},{"start":{"line":373,"column":37},"end":{"line":373,"column":null}}],"line":373},"39":{"loc":{"start":{"line":374,"column":16},"end":{"line":374,"column":null}},"type":"binary-expr","locations":[{"start":{"line":374,"column":16},"end":{"line":374,"column":33}},{"start":{"line":374,"column":33},"end":{"line":374,"column":null}}],"line":374},"40":{"loc":{"start":{"line":375,"column":19},"end":{"line":375,"column":null}},"type":"binary-expr","locations":[{"start":{"line":375,"column":19},"end":{"line":375,"column":36}},{"start":{"line":375,"column":36},"end":{"line":375,"column":135}},{"start":{"line":375,"column":135},"end":{"line":375,"column":null}}],"line":375},"41":{"loc":{"start":{"line":392,"column":6},"end":{"line":393,"column":null}},"type":"if","locations":[{"start":{"line":392,"column":6},"end":
[...]
2,"47":2,"48":2,"49":22,"50":22,"51":110,"52":22,"53":20,"54":20,"55":20,"56":22,"57":59,"58":7,"59":8,"60":1,"61":1,"62":1,"63":2,"64":1,"65":1,"66":1,"67":1,"68":1,"69":1,"70":1,"71":0,"72":0,"73":0,"74":0,"75":0,"76":96,"77":4,"78":0,"79":0,"80":4,"81":4,"82":4,"83":4,"84":4,"85":62},"f":{"0":59,"1":19,"2":19,"3":31,"4":7,"5":8,"6":2,"7":1,"8":0,"9":96,"10":4,"11":0,"12":62},"b":{"0":[59,53],"1":[2,17],"2":[19,2],"3":[1,16],"4":[3,13],"5":[59,13],"6":[9,22],"7":[31,31],"8":[1,21],"9":[2,20],"10":[2,0],"11":[22,88],"12":[1,87],"13":[20,2],"14":[20,0],"15":[59,26],"16":[59,1],"17":[59,33,32,32],"18":[1,7],"19":[8,1],"20":[1,1],"21":[32,4,4],"22":[4,0],"23":[20,12],"24":[32,24],"25":[32,1],"26":[10,86],"27":[96,10],"28":[0,4],"29":[31,1],"30":[62,0]},"meta":{"lastBranch":31,"lastFunction":13,"lastStatement":86,"seen":{"s:7:23:7:Infinity":0,"f:9:9:9:20":0,"s:10:10:10:30":1,"s:11:8:11:32":2,"s:12:22:12:Infinity":3,"b:12:22:12:36:12:40:12:Infinity":0,"s:14:20:14:50":4,"s:15:21:15:50":5,"s:16:18:16:46":6,"s:17:16:17:42":7,"s:18:29:18:66":8,"s:19:21:19:50":9,"s:20:21:20:50":10,"s:21:22:21:55":11,"s:24:2:64:Infinity":12,"f:24:2:24:18":1,"s:25:21:59:Infinity":13,"f:25:21:25:33":2,"s:26:6:59:Infinity":14,"s:27:8:27:Infinity":15,"s:30:33:30:54":16,"b:33:8:44:Infinity:36:19:44:Infinity":1,"s:33:8:44:Infinity":17,"b:33:12:33:27:33:27:33:44":2,"s:35:10:35:Infinity":18,"b:36:19:44:Infinity:39:19:44:Infinity":3,"s:36:19:44:Infinity":19,"s:38:10:38:Infinity":20,"b:39:19:44:Infinity:42:15:44:Infinity":4,"s:39:19:44:Infinity":21,"s:41:10:41:Infinity":22,"s:44:10:44:Infinity":23,"s:47:8:47:Infinity":24,"s:48:8:48:Infinity":25,"s:50:8:50:Infinity":26,"s:51:8:51:Infinity":27,"s:52:8:52:Infinity":28,"s:54:8:54:Infinity":29,"s:55:8:55:Infinity":30,"s:56:8:56:Infinity":31,"s:57:8:57:Infinity":32,"s:59:8:59:Infinity":33,"s:63:4:63:Infinity":34,"s:67:24:67:46":35,"b:67:24:67:44:67:44:67:46":5,"s:76:8:128:Infinity":36,"f:76:8:76:33":3,"b:77:4:77:Infinity:undefined:undefined:undefined:undefined":6,"s:77:4:77:Infinity":37,"b:77:8:77:22:77:22:77:49":7,"s:77:49:77:Infinity":38,"s:79:18:79:20":39,"s:80:23:80:Infinity":40,"s:81:20:81:73":41,"s:82:18:82:76":42,"b:84:4:85:Infinity:undefined:undefined:undefined:undefined":8,"s:84:4:85:Infinity":43,"s:85:6:85:Infinity":44,"b:88:4:95:Infinity:undefined:undefined:undefined:undefined":9,"s:88:4:95:Infinity":45,"s:89:6:93:Infinity":46,"b:94:6:95:Infinity:undefined:undefined:undefined:undefined":10,"s:94:6:95:Infinity":47,"s:95:8:95:Infinity":48,"s:99:4:114:Infinity":49,"s:99:17:99:28":50,"s:100:6:114:Infinity":51,"b:102:10:104:Infinity:106:10:112:Infinity":11,"b:108:26:108:37:108:37:108:Infinity":12,"b:117:4:125:Infinity:undefined:undefined:undefined:undefined":13,"s:117:4:125:Infinity":52,"b:118:6:119:Infinity:undefined:undefined:undefined:undefined":14,"s:118:6:119:Infinity":53,"s:119:8:119:Infinity":54,"s:121:6:125:Infinity":55,"s:128:4:128:Infinity":56,"s:131:2:272:Infinity":57,"b:138:7:138:Infinity:139:8:141:Infinity":15,"b:144:7:144:Infinity:145:8:147:Infinity":16,"b:150:7:150:19:150:19:150:29:150:29:150:Infinity:151:8:272:Infinity":17,"f:158:16:158:27":4,"s:158:33:158:62":58,"f:159:16:159:29":5,"b:160:18:163:Infinity:undefined:undefined:undefined:undefined":18,"s:160:18:163:Infinity":59,"b:160:22:160:43:160:43:160:60":19,"s:161:20:161:Infinity":60,"s:162:20:162:Infinity":61,"s:163:20:163:Infinity":62,"f:170:16:170:31":6,"b:171:18:174:Infinity:undefined:undefined:undefined:undefined":20,"s:171:18:174:Infinity":63,"s:172:20:172:Infinity":64,"s:173:20:173:Infinity":65,"s:174:20:174:Infinity":66,"b:187:15:187:30:187:30:187:Infinity:188:16:203:15":21,"b:189:65:189:85:189:85:189:87":22,"f:191:20:191:35":7,"s:192:22:192:Infinity":67,"s:193:22:193:Infinity":68,"s:194:22:194:Infinity":69,"s:195:22:195:Infinity":70,"b:205:95:205:106:205:106:205:Infinity":23,"b:205:45:205:80:205:80:205:95":24,"f:206:18:206:33":8,"s:207:20:207:Infinity":71,"s:208:20:208:Infinity":72,"s:209:20:209:Infinity":73,"s:210:20:210:Infinity":74,"s:211:20:211:Infinity":75,"b:214:23:214:43:214:43:214:45":25,"f:216:28:216:32":9,"s:217:18:234:Infinity":76,"b:219:108:219:119:219:119:219:Infinity":26,"b:219:47:219:89:219:93:219:108":27,"f:220:20:220:35":10,"b:222:22:225:Infinity:224:29:225:Infinity":28,"s:222:22:225:Infinity":77,"s:223:24:223:Infinity":78,"f:223:65:223:72":11,"s:223:77:223:97":79,"s:225:24:225:Infinity":80,"s:227:22:227:Infinity":81,"s:228:22:228:Infinity":82,"s:229:22:229:Infinity":83,"s:230:22:230:Infinity":84,"b:242:14:266:Infinity:268:14:270:Infinity":29,"f:244:33:244:37":12,"s:245:20:262:Infinity":85,"b:250:51:250:67:250:67:250:78":30}}}
,"E:\\1JsProjects\\blog\\src\\pages\\Home.css": {"path":"E:\\1JsProjects\\blog\\src\\pages\\Home.css","statementMap":{},"fnMap":{},"branchMap":{},"s":{},"f":{},"b":{},"meta":{"lastBranch":0,"lastFunction":0,"lastStatement":0,"seen":{}}}
,"E:\\1JsProjects\\blog\\src\\pages\\Home.jsx": {"path":"E:\\1JsProjects\\blog\\src\\pages\\Home.jsx","statementMap":{"0":{"start":{"line":9,"column":22},"end":{"line":9,"column":52}},"1":{"start":{"line":10,"column":18},"end":{"line":10,"column":46}},"2":{"start":{"line":11,"column":16},"end":{"line":11,"column":42}},"3":{"start":{"line":13,"column":2},"end":{"line":31,"column":null}},"4":{"start":{"line":14,"column":22},"end":{"line":26,"column":null}},"5":{"start":{"line":15,"column":6},"end":{"line":26,"column":null}},"6":{"start":{"line":16,"column":8},"end":{"line":16,"column":null}},"7":{"start":{"line":17,"column":21},"end":{"line":17,"column":50}},"8":{"start":{"line":18,"column":8},"end":{"line":18,"column":null}},"9":{"start":{"line":19,"column":8},"end":{"line":19,"column":null}},"10":{"start":{"line":20,"column":8},"end":{"line":20,"column":null}},"11":{"start":{"line":22,"column":8},"end":{"line":22,"column":null}},"12":{"start":{"line":23,"column":8},"end":{"line":23,"column":null}},"13":{"start":{"line":24,"column":8},"end":{"line":24,"column":null}},"14":{"start":{"line":26,"column":8},"end":{"line":26,"column":null}},"15":{"start":{"line":30,"column":4},"end":{"line":30,"column":null}},"16":{"start":{"line":33,"column":2},"end":{"line":91,"column":null}},"17":{"start":{"line":56,"column":18},"end":{"line":73,"column":null}}},"fnMap":{"0":{"name":"Home","decl":{"start":{"line":8,"column":9},"end":{"line":8,"column":16}},"loc":{"start":{"line":8,"column":16},"end":{"line":91,"column":null}},"line":8},"1":{"name":"(anonymous_1)","decl":{"start":{"line":13,"column":2},"end":{"line":13,"column":18}},"loc":{"start":{"line":13,"column":18},"end":{"line":31,"column":7}},"line":13},"2":{"name":"(anonymous_2)","decl":{"start":{"line":14,"column":22},"end":{"line":14,"column":34}},"loc":{"start":{"line":14,"column":34},"end":{"line":26,"column":null}},"line":14},"3":{"name":"(anonymous_3)","decl":{"start":{"line":55,"column":28},"end":{"line":55,"column":32}},"loc":{"start":{"line":56,"column":18},"end":{"line":73,"column":null}},"line":56}},"branchMap":{"0":{"loc":{"start":{"line":50,"column":11},"end":{"line":50,"column":null}},"type":"binary-expr","locations":[{"start":{"line":50,"column":11},"end":{"line":50,"column":22}},{"start":{"line":50,"column":22},"end":{"line":50,"column":null}}],"line":50},"1":{"loc":{"start":{"line":51,"column":11},"end":{"line":51,"column":null}},"type":"binary-expr","locations":[{"start":{"line":51,"column":11},"end":{"line":51,"column":20}},{"start":{"line":51,"column":20},"end":{"line":51,"column":null}}],"line":51},"2":{"loc":{"start":{"line":52,"column":11},"end":{"line":78,"column":null}},"type":"binary-expr","locations":[{"start":{"line":52,"column":11},"end":{"line":52,"column":23}},{"start":{"line":52,"column":23},"end":{"line":52,"column":null}},{"start":{"line":53,"column":12},"end":{"line":78,"column":null}}],"line":52},"3":{"loc":{"start":{"line":54,"column":15},"end":{"line":76,"column":null}},"type":"cond-expr","locations":[{"start":{"line":55,"column":16},"end":{"line":73,"column":null}},{"start":{"line":76,"column":16},"end":{"line":76,"column":null}}],"line":54}},"s":{"0":20,"1":20,"2":20,"3":20,"4":14,"5":14,"6":14,"7":14,"8":13,"9":13,"10":13,"11":1,"12":1,"13":1,"14":14,"15":14,"16":20,"17":10},"f":{"0":20,"1":14,"2":14,"3":10},"b":{"0":[20,14],"1":[20,1],"2":[20,6,5],"3":[5,0]},"meta":{"lastBranch":4,"lastFunction":4,"lastStatement":18,"seen":{"f:8:9:8:16":0,"s:9:22:9:52":0,"s:10:18:10:46":1,"s:11:16:11:42":2,"s:13:2:31:Infinity":3,"f:13:2:13:18":1,"s:14:22:26:Infinity":4,"f:14:22:14:34":2,"s:15:6:26:Infinity":5,"s:16:8:16:Infinity":6,"s:17:21:17:50":7,"s:18:8:18:Infinity":8,"s:19:8:19:Infinity":9,"s:20:8:20:Infinity":10,"s:22:8:22:Infinity":11,"s:23:8:23:Infinity":12,"s:24:8:24:Infinity":13,"s:26:8:26:Infinity":14,"s:30:4:30:Infinity":15,"s:33:2:91:Infinity":16,"b:50:11:50:22:50:22:50:Infinity":0,"b:51:11:51:20:51:20:51:Infinity":1,"b:52:11:52:23:52:23:52:Infinity:53:12:78:Infinity":2,"b:55:16:73:Infinity:76:16:76:Infinity":3,"f:55:28:55:32":3,"s:56:18:73:Infinity":17}}}
,"E:\\1JsProjects\\blog\\src\\pages\\Login.css": {"path":"E:\\1JsProjects\\blog\\src\\pages\\Login.css","statementMap":{},"fnMap":{},"branchMap":{},"s":{},"f":{},"b":{},"meta":{"lastBranch":0,"lastFunction":0,"lastStatement":0,"seen":{}}}
,"E:\\1JsProjects\\blog\\src\\pages\\Login.jsx": {"path":"E:\\1JsProjects\\blog\\src\\pages\\Login.jsx","statementMap":{"0":{"start":{"line":7,"column":8},"end":{"line":7,"column":32}},"1":{"start":{"line":8,"column":19},"end":{"line":8,"column":46}},"2":{"start":{"line":9,"column":19},"end":{"line":9,"column":46}},"3":{"start":{"line":10,"column":18},"end":{"line":10,"column":47}},"4":{"start":{"line":11,"column":16},"end":{"line":11,"column":40}},"5":{"start":{"line":13,"column":23},"end":{"line":48,"column":null}},"6":{"start":{"line":14,"column":4},"end":{"line":14,"column":null}},"7":{"start":{"line":15,"column":4},"end":{"line":15,"column":null}},"8":{"start":{"line":16,"column":4},"end":{"line":16,"column":null}},"9":{"start":{"line":18,"column":4},"end":{"line":48,"column":null}},"10":{"start":{"line":19,"column":6},"end":{"line":19,"column":null}},"11":{"start":{"line":20,"column":12},"end":{"line":20,"column":42}},"12":{"start":{"line":21,"column":23},"end":{"line":27,"column":8}},"13":{"start":{"line":29,"column":19},"end":{"line":29,"column":40}},"14":{"start":{"line":31,"column":6},"end":{"line":42,"column":null}},"15":{"start":{"line":33,"column":8},"end":{"line":33,"column":null}},"16":{"start":{"line":34,"column":8},"end":{"line":34,"column":null}},"17":{"start":{"line":37,"column":8},"end":{"line":37,"column":null}},"18":{"start":{"line":40,"column":8},"end":{"line":40,"column":null}},"19":{"start":{"line":42,"column":8},"end":{"line":42,"column":null}},"20":{"start":{"line":45,"column":6},"end":{"line":45,"column":null}},"21":{"start":{"line":46,"column":6},"end":{"line":46,"column":null}},"22":{"start":{"line":48,"column":6},"end":{"line":48,"column":null}},"23":{"start":{"line":53,"column":2},"end":{"line":55,"column":null}},"24":{"start":{"line":54,"column":4},"end":{"line":54,"column":null}},"25":{"start":{"line":55,"column":4},"end":{"line":55,"column":null}},"26":{"start":{"line":58,"column":2},"end":{"line":108,"column":null}},"27":{"start":{"line":73,"column":31},"end":{"line":73,"column":58}},"28":{"start":{"line":86,"column":31},"end":{"line":86,"column":58}}},"fnMap":{"0":{"name":"Login","decl":{"start":{"line":6,"column":9},"end":{"line":6,"column":15}},"loc":{"start":{"line":6,"column":52},"end":{"line":108,"column":null}},"line":6},"1":{"name":"(anonymous_1)","decl":{"start":{"line":13,"column":23},"end":{"line":13,"column":30}},"loc":{"start":{"line":13,"column":36},"end":{"line":48,"column":null}},"line":13},"2":{"name":"(anonymous_2)","decl":{"start":{"line":73,"column":14},"end":{"line":73,"column":25}},"loc":{"start":{"line":73,"column":31},"end":{"line":73,"column":58}},"line":73},"3":{"name":"(anonymous_3)","decl":{"start":{"line":86,"column":14},"end":{"line":86,"column":25}},"loc":{"start":{"line":86,"column":31},"end":{"line":86,"column":58}},"line":86}},"branchMap":{"0":{"loc":{"start":{"line":31,"column":6},"end":{"line":42,"column":null}},"type":"if","locations":[{"start":{"line":31,"column":6},"end":{"line":42,"column":null}},{"start":{"line":41,"column":13},"end":{"line":42,"column":null}}],"line":31},"1":{"loc":{"start":{"line":42,"column":17},"end":{"line":42,"column":40}},"type":"binary-expr","locations":[{"start":{"line":42,"column":17},"end":{"line":42,"column":33}},{"start":{"line":42,"column":33},"end":{"line":42,"column":40}}],"line":42},"2":{"loc":{"start":{"line":53,"column":2},"end":{"line":55,"column":null}},"type":"if","locations":[{"start":{"line":53,"column":2},"end":{"line":55,"column":null}},{"start":{},"end":{}}],"line":53},"3":{"loc":{"start":{"line":64,"column":9},"end":{"line":64,"column":null}},"type":"binary-expr","locations":[{"start":{"line":64,"column":9},"end":{"line":64,"column":18}},{"start":{"line":64,"column":18},"end":{"line":64,"column":null}}],"line":64},"4":{"loc":{"start":{"line":98,"column":13},"end":{"line":98,"column":null}},"type":"cond-expr","locations":[{"start":{"line":98,"column":23},"end":{"line":98,"column":34}},{"start":{"line":98,"column":34},"end":{"line":98,"column":null}}],"line":98}},"s":{"0":27,"1":27,"2":27,"3":27,"4":27,"5":27,"6":3,"7":3,"8":3,"9":3,"10":3,"11":3,"12":3,"13":2,"14":2,"15":1,"16":1,"17":1,"18":1,"19":1,"20":1,"21":1,"22":3,"23":27,"24":1,"25":1,"26":26,"27":7,"28":10},"f":{"0":27,"1":3,"2":7,"3":10},"b":{"0":[1,1],"1":[1,0],"2":[1,26],"3":[26,2],"4":[3,23]},"meta":{"lastBranch":5,"lastFunction":4,"lastStatement":29,"seen":{"f:6:9:6:15":0,"s:7:8:7:32":0,"s:8:19:8:46":1,"s:9:19:9:46":2,"s:10:18:10:47":3,"s:11:16:11:40":4,"s:13:23:48:Infinity":5,"f:13:23:13:30":1,"s:14:4:14:Infinity":6,"s:15:4:15:Infinity":7,"s:16:4:16:Infinity":8,"s:18:4:48:Infinity":9,"s:19:6:19:Infinity":10,"s:20:12:20:42":11,"s:21:23:27:8":12,"s:29:19:29:40":13,"b:31:6:42:Infinity:41:13:42:Infinity":0,"s:31:6:42:Infinity":14,"s:33:8:33:Infinity":15,"s:34:8:34:Infinity":16,"s:37:8:37:Infinity":17,"s:40:8:40:Infinity":18,"s:42:8:42:Infinity":19,"b:42:17:42:33:42:33:42:40":1,"s:45:6:45:Infinity":20,"s:46:6:46:Infinity":21,"s:48:6:48:Infinity":22,"b:53:2:55:Infinity:undefined:undefined:undefined:undefined":2,"s:53:2:55:Infinity":23,"s:54:4:54:Infinity":24,"s:55:4:55:Infinity":25,"s:58:2:108:Infinity":26,"b:64:9:64:18:64:18:64:Infinity":3,"f:73:14:73:25":2,"s:73:31:73:58":27,"f:86:14:86:25":3,"s:86:31:86:58":28,"b:98:23:98:34:98:34:98:Infinity":4}}}
,"E:\\1JsProjects\\blog\\src\\pages\\NotFound.css": {"path":"E:\\1JsProjects\\blog\\src\\pages\\NotFound.css","statementMap":{},"fnMap":{},"branchMap":{},"s":{},"f":{},"b":{},"meta":{"lastBranch":0,"lastFunction":0,"lastStatement":0,"seen":{}}}
,"E:\\1JsProjects\\blog\\src\\pages\\NotFound.jsx": {"path":"E:\\1JsProjects\\blog\\src\\pages\\NotFound.jsx","statementMap":{"0":{"start":{"line":5,"column":8},"end":{"line":5,"column":32}},"1":{"start":{"line":7,"column":2},"end":{"line":38,"column":null}},"2":{"start":{"line":26,"column":27},"end":{"line":26,"column":40}},"3":{"start":{"line":32,"column":27},"end":{"line":32,"column":39}}},"fnMap":{"0":{"name":"NotFound","decl":{"start":{"line":4,"column":9},"end":{"line":4,"column":20}},"loc":{"start":{"line":4,"column":20},"end":{"line":38,"column":null}},"line":4},"1":{"name":"(anonymous_1)","decl":{"start":{"line":26,"column":12},"end":{"line":26,"column":27}},"loc":{"start":{"line":26,"column":27},"end":{"line":26,"column":40}},"line":26},"2":{"name":"(anonymous_2)","decl":{"start":{"line":32,"column":12},"end":{"line":32,"column":27}},"loc":{"start":{"line":32,"column":27},"end":{"line":32,"column":39}},"line":32}},"branchMap":{},"s":{"0":13,"1":13,"2":1,"3":1},"f":{"0":13,"1":1,"2":1},"b":{},"meta":{"lastBranch":0,"lastFunction":3,"lastStatement":4,"seen":{"f:4:9:4:20":0,"s:5:8:5:32":0,"s:7:2:38:Infinity":1,"f:26:12:26:27":1,"s:26:27:26:40":2,"f:32:12:32:27":2,"s:32:27:32:39":3}}}
,"E:\\1JsProjects\\blog\\src\\styles\\FloatingElements.css": {"path":"E:\\1JsProjects\\blog\\src\\styles\\FloatingElements.css","statementMap":{},"fnMap":{},"branchMap":{},"s":{},"f":{},"b":{},"meta":{"lastBranch":0,"lastFunction":0,"lastStatement":0,"seen":{}}}
,"E:\\1JsProjects\\blog\\src\\styles\\FloatingMusicPlayer.css": {"path":"E:\\1JsProjects\\blog\\src\\styles\\FloatingMusicPlayer.css","statementMap":{},"fnMap":{},"branchMap":{},"s":{},"f":{},"b":{},"meta":{"lastBranch":0,"lastFunction":0,"lastStatement":0,"seen":{}}}
,"E:\\1JsProjects\\blog\\src\\utils\\formatDate.js": {"path":"E:\\1JsProjects\\blog\\src\\utils\\formatDate.js","statementMap":{"0":{"start":{"line":7,"column":13},"end":{"line":39,"column":null}},"1":{"start":{"line":8,"column":2},"end":{"line":8,"column":null}},"2":{"start":{"line":8,"column":22},"end":{"line":8,"column":null}},"3":{"start":{"line":9,"column":2},"end":{"line":39,"column":null}},"4":{"start":{"line":12,"column":4},"end":{"line":23,"column":null}},"5":{"start":{"line":14,"column":6},"end":{"line":18,"column":null}},"6":{"start":{"line":15,"column":8},"end":{"line":15,"column":null}},"7":{"start":{"line":18,"column":8},"end":{"line":18,"column":null}},"8":{"start":{"line":20,"column":15},"end":{"line":23,"column":null}},"9":{"start":{"line":21,"column":6},"end":{"line":21,"column":null}},"10":{"start":{"line":23,"column":6},"end":{"line":23,"column":null}},"11":{"start":{"line":26,"column":4},"end":{"line":26,"column":null}},"12":{"start":{"line":26,"column":31},"end":{"line":26,"column":null}},"13":{"start":{"line":29,"column":4},"end":{"line":36,"column":null}},"14":{"start":{"line":38,"column":4},"end":{"line":38,"column":null}},"15":{"start":{"line":39,"column":4},"end":{"line":39,"column":null}}},"fnMap":{"0":{"name":"(anonymous_0)","decl":{"start":{"line":7,"column":13},"end":{"line":7,"column":31}},"loc":{"start":{"line":7,"column":49},"end":{"line":39,"column":null}},"line":7}},"branchMap":{"0":{"loc":{"start":{"line":8,"column":2},"end":{"line":8,"column":null}},"type":"if","locations":[{"start":{"line":8,"column":2},"end":{"line":8,"column":null}},{"start":{},"end":{}}],"line":8},"1":{"loc":{"start":{"line":12,"column":4},"end":{"line":23,"column":null}},"type":"if","locations":[{"start":{"line":12,"column":4},"end":{"line":23,"column":null}},{"start":{"line":20,"column":15},"end":{"line":23,"column":null}}],"line":12},"2":{"loc":{"start":{"line":14,"column":6},"end":{"line":18,"column":null}},"type":"if","locations":[{"start":{"line":14,"column":6},"end":{"line":18,"column":null}},{"start":{"line":16,"column":13},"end":{"line":18,"column":null}}],"line":14},"3":{"loc":{"start":{"line":20,"column":15},"end":{"line":23,"column":null}},"type":"if","locations":[{"start":{"line":20,"column":15},"end":{"line":23,"column":null}},{"start":{"line":22,"column":11},"end":{"line":23,"column":null}}],"line":20},"4":{"loc":{"start":{"line":26,"column":4},"end":{"line":26,"column":null}},"type":"if","locations":[{"start":{"line":26,"column":4},"end":{"line":26,"column":null}},{"start":{},"end":{}}],"line":26}},"s":{"0":7,"1":180,"2":10,"3":170,"4":170,"5":162,"6":131,"7":31,"8":8,"9":5,"10":3,"11":167,"12":3,"13":164,"14":0,"15":0},"f":{"0":180},"b":{"0":[10,170],"1":[162,8],"2":[131,31],"3":[5,3],"4":[3,164]},"meta":{"lastBranch":5,"lastFunction":1,"lastStatement":16,"seen":{"s:7:13:39:Infinity":0,"f:7:13:7:31":0,"b:8:2:8:Infinity:undefined:undefined:undefined:undefined":0,"s:8:2:8:Infinity":1,"s:8:22:8:Infinity":2,"s:9:2:39:Infinity":3,"b:12:4:23:Infinity:20:15:23:Infinity":1,"s:12:4:23:Infinity":4,"b:14:6:18:Infinity:16:13:18:Infinity":2,"s:14:6:18:Infinity":5,"s:15:8:15:Infinity":6,"s:18:8:18:Infinity":7,"b:20:15:23:Infinity:22:11:23:Infinity":3,"s:20:15:23:Infinity":8,"s:21:6:21:Infinity":9,"s:23:6:23:Infinity":10,"b:26:4:26:Infinity:undefined:undefined:undefined:undefined":4,"s:26:4:26:Infinity":11,"s:26:31:26:Infinity":12,"s:29:4:36:Infinity":13,"s:38:4:38:Infinity":14,"s:39:4:39:Infinity":15}}}
}
